#-----------------------------------------------------------
# Vivado v2019.2 (64-bit)
# SW Build 2708876 on Wed Nov  6 21:40:23 MST 2019
# IP Build 2700528 on Thu Nov  7 00:09:20 MST 2019
# Start of session at: Sat Nov 21 21:26:56 2020
# Process ID: 4896
# Current directory: C:/Users/carl/fpga/statemachine
# Command line: vivado.exe -gui_launcher_event rodinguilauncherevent2816 C:\Users\carl\fpga\statemachine\statemachine.xpr
# Log file: C:/Users/carl/fpga/statemachine/vivado.log
# Journal file: C:/Users/carl/fpga/statemachine\vivado.jou
#-----------------------------------------------------------
start_gui
open_project C:/Users/carl/fpga/statemachine/statemachine.xpr
Scanning sources...
Finished scanning sources
INFO: [IP_Flow 19-234] Refreshing IP repositories
INFO: [IP_Flow 19-1704] No user IP repositories specified
INFO: [IP_Flow 19-2313] Loaded Vivado IP repository 'C:/Xilinx/Vivado/2019.2/data/ip'.
open_project: Time (s): cpu = 00:00:25 ; elapsed = 00:00:08 . Memory (MB): peak = 725.465 ; gain = 60.422
update_compile_order -fileset sources_1
open_hw_manager
connect_hw_server -allow_non_jtag
INFO: [Labtools 27-2285] Connecting to hw_server url TCP:localhost:3121
INFO: [Labtools 27-2222] Launching hw_server...
INFO: [Labtools 27-2221] Launch Output:

****** Xilinx hw_server v2019.2
  **** Build date : Nov  6 2019 at 22:12:23
    ** Copyright 1986-2019 Xilinx, Inc. All Rights Reserved.


INFO: [Labtools 27-3415] Connecting to cs_server url TCP:localhost:3042
INFO: [Labtools 27-3417] Launching cs_server...
INFO: [Labtools 27-2221] Launch Output:


****** Xilinx cs_server v2019.2.0
  **** Build date : Nov 07 2019-13:28:22
    ** Copyright 2017-2019 Xilinx, Inc. All Rights Reserved.



connect_hw_server: Time (s): cpu = 00:00:02 ; elapsed = 00:00:12 . Memory (MB): peak = 811.023 ; gain = 0.000
open_hw_target
INFO: [Labtoolstcl 44-466] Opening hw_target localhost:3121/xilinx_tcf/Xilinx/1234-tulA
open_hw_target: Time (s): cpu = 00:00:06 ; elapsed = 00:00:06 . Memory (MB): peak = 1998.988 ; gain = 1187.965
set_property PROGRAM.FILE {C:/Users/carl/fpga/statemachine/statemachine.runs/impl_1/SeqDetector.bit} [get_hw_devices xc7a35t_0]
current_hw_device [get_hw_devices xc7a35t_0]
refresh_hw_device -update_hw_probes false [lindex [get_hw_devices xc7a35t_0] 0]
INFO: [Labtools 27-1435] Device xc7a35t (JTAG device index = 0) is not programmed (DONE status = 0).
set_property PROBES.FILE {} [get_hw_devices xc7a35t_0]
set_property FULL_PROBES.FILE {} [get_hw_devices xc7a35t_0]
set_property PROGRAM.FILE {C:/Users/carl/fpga/statemachine/statemachine.runs/impl_1/SeqDetector.bit} [get_hw_devices xc7a35t_0]
program_hw_devices [get_hw_devices xc7a35t_0]
INFO: [Labtools 27-3164] End of startup status: HIGH
refresh_hw_device [lindex [get_hw_devices xc7a35t_0] 0]
INFO: [Labtools 27-1434] Device xc7a35t (JTAG device index = 0) is programmed with a design that has no supported debug core(s) in it.
close_hw_manager
reset_run impl_1 -prev_step 
launch_runs impl_1 -to_step write_bitstream -jobs 4
[Sat Nov 21 23:46:28 2020] Launched impl_1...
Run output will be captured here: C:/Users/carl/fpga/statemachine/statemachine.runs/impl_1/runme.log
open_hw_manager
connect_hw_server -allow_non_jtag
INFO: [Labtools 27-2285] Connecting to hw_server url TCP:localhost:3121
INFO: [Labtools 27-3415] Connecting to cs_server url TCP:localhost:3042
INFO: [Labtools 27-3414] Connected to existing cs_server.
open_hw_target
INFO: [Labtoolstcl 44-466] Opening hw_target localhost:3121/xilinx_tcf/Xilinx/1234-tulA
set_property PROGRAM.FILE {C:/Users/carl/fpga/statemachine/statemachine.runs/impl_1/SeqDetector.bit} [get_hw_devices xc7a35t_0]
current_hw_device [get_hw_devices xc7a35t_0]
refresh_hw_device -update_hw_probes false [lindex [get_hw_devices xc7a35t_0] 0]
INFO: [Labtools 27-1434] Device xc7a35t (JTAG device index = 0) is programmed with a design that has no supported debug core(s) in it.
set_property PROBES.FILE {} [get_hw_devices xc7a35t_0]
set_property FULL_PROBES.FILE {} [get_hw_devices xc7a35t_0]
set_property PROGRAM.FILE {C:/Users/carl/fpga/statemachine/statemachine.runs/impl_1/SeqDetector.bit} [get_hw_devices xc7a35t_0]
program_hw_devices [get_hw_devices xc7a35t_0]
INFO: [Labtools 27-3164] End of startup status: HIGH
refresh_hw_device [lindex [get_hw_devices xc7a35t_0] 0]
INFO: [Labtools 27-1434] Device xc7a35t (JTAG device index = 0) is programmed with a design that has no supported debug core(s) in it.
set_property PROBES.FILE {} [get_hw_devices xc7a35t_0]
set_property FULL_PROBES.FILE {} [get_hw_devices xc7a35t_0]
set_property PROGRAM.FILE {C:/Users/carl/fpga/statemachine/statemachine.runs/impl_1/SeqDetector.bit} [get_hw_devices xc7a35t_0]
program_hw_devices [get_hw_devices xc7a35t_0]
INFO: [Labtools 27-3164] End of startup status: HIGH
refresh_hw_device [lindex [get_hw_devices xc7a35t_0] 0]
INFO: [Labtools 27-1434] Device xc7a35t (JTAG device index = 0) is programmed with a design that has no supported debug core(s) in it.
open_run synth_1 -name synth_1
Design is defaulting to impl run constrset: constrs_1
Design is defaulting to synth run part: xc7a35tcsg324-1
INFO: [Device 21-403] Loading part xc7a35tcsg324-1
Netlist sorting complete. Time (s): cpu = 00:00:00 ; elapsed = 00:00:00 . Memory (MB): peak = 2299.848 ; gain = 0.000
INFO: [Project 1-479] Netlist was created with Vivado 2019.2
INFO: [Project 1-570] Preparing netlist for logic optimization
Parsing XDC File [C:/Users/carl/fpga/statemachine/statemachine.srcs/constrs_1/new/123.xdc]
Finished Parsing XDC File [C:/Users/carl/fpga/statemachine/statemachine.srcs/constrs_1/new/123.xdc]
INFO: [Opt 31-138] Pushed 0 inverter(s) to 0 load pin(s).
Netlist sorting complete. Time (s): cpu = 00:00:00 ; elapsed = 00:00:00 . Memory (MB): peak = 2376.598 ; gain = 0.000
INFO: [Project 1-111] Unisim Transformation Summary:
No Unisim elements were transformed.

open_run: Time (s): cpu = 00:00:23 ; elapsed = 00:00:17 . Memory (MB): peak = 2575.020 ; gain = 516.605
ERROR: [Labtoolstcl 44-513] HW Target shutdown. Closing target: localhost:3121/xilinx_tcf/Xilinx/1234-tulA
INFO: [Labtoolstcl 44-466] Opening hw_target localhost:3121/xilinx_tcf/Xilinx/1234-tulA
INFO: [Labtools 27-1435] Device xc7a35t (JTAG device index = 0) is not programmed (DONE status = 0).
WARNING: [Labtoolstcl 44-129] No matching hw_ila_data was found.
reset_run impl_1 -prev_step 
launch_runs impl_1 -to_step write_bitstream -jobs 4
[Sun Nov 22 01:21:21 2020] Launched impl_1...
Run output will be captured here: C:/Users/carl/fpga/statemachine/statemachine.runs/impl_1/runme.log
set_property PROBES.FILE {} [get_hw_devices xc7a35t_0]
set_property FULL_PROBES.FILE {} [get_hw_devices xc7a35t_0]
set_property PROGRAM.FILE {C:/Users/carl/fpga/statemachine/statemachine.runs/impl_1/SeqDetector.bit} [get_hw_devices xc7a35t_0]
program_hw_devices [get_hw_devices xc7a35t_0]
INFO: [Labtools 27-3164] End of startup status: HIGH
refresh_hw_device [lindex [get_hw_devices xc7a35t_0] 0]
INFO: [Labtools 27-1434] Device xc7a35t (JTAG device index = 0) is programmed with a design that has no supported debug core(s) in it.
close_hw_manager
exit
INFO: [Common 17-206] Exiting Vivado at Sun Nov 22 02:23:21 2020...
