#-----------------------------------------------------------
# Vivado v2019.2 (64-bit)
# SW Build 2708876 on Wed Nov  6 21:40:23 MST 2019
# IP Build 2700528 on Thu Nov  7 00:09:20 MST 2019
# Start of session at: Mon Nov 30 12:47:53 2020
# Process ID: 19240
# Current directory: C:/Users/carl/fpga/project_66
# Command line: vivado.exe -gui_launcher_event rodinguilauncherevent18148 C:\Users\carl\fpga\project_66\project_66.xpr
# Log file: C:/Users/carl/fpga/project_66/vivado.log
# Journal file: C:/Users/carl/fpga/project_66\vivado.jou
#-----------------------------------------------------------
start_gui
open_project C:/Users/carl/fpga/project_66/project_66.xpr
INFO: [Project 1-313] Project file moved from 'D:/project_66' since last save.
Scanning sources...
Finished scanning sources
INFO: [Project 1-230] Project 'project_66.xpr' upgraded for this version of Vivado.
INFO: [IP_Flow 19-234] Refreshing IP repositories
INFO: [IP_Flow 19-1704] No user IP repositories specified
INFO: [IP_Flow 19-2313] Loaded Vivado IP repository 'C:/Xilinx/Vivado/2019.2/data/ip'.
open_project: Time (s): cpu = 00:00:13 ; elapsed = 00:00:05 . Memory (MB): peak = 692.289 ; gain = 65.586
update_compile_order -fileset sources_1
