#-----------------------------------------------------------
# Vivado v2019.2 (64-bit)
# SW Build 2708876 on Wed Nov  6 21:40:23 MST 2019
# IP Build 2700528 on Thu Nov  7 00:09:20 MST 2019
# Start of session at: Fri Dec  4 15:46:05 2020
# Process ID: 7524
# Current directory: C:/Users/carl/fpga/project_3
# Command line: vivado.exe -gui_launcher_event rodinguilauncherevent1616 C:\Users\carl\fpga\project_3\project_3.xpr
# Log file: C:/Users/carl/fpga/project_3/vivado.log
# Journal file: C:/Users/carl/fpga/project_3\vivado.jou
#-----------------------------------------------------------
start_gui
open_project C:/Users/carl/fpga/project_3/project_3.xpr
Scanning sources...
Finished scanning sources
INFO: [IP_Flow 19-234] Refreshing IP repositories
INFO: [IP_Flow 19-1704] No user IP repositories specified
INFO: [IP_Flow 19-2313] Loaded Vivado IP repository 'C:/Xilinx/Vivado/2019.2/data/ip'.
INFO: [Common 17-41] Interrupt caught. Command should exit soon.
INFO: [Common 17-344] 'open_project' was cancelled
exit
INFO: [Common 17-206] Exiting Vivado at Fri Dec  4 15:46:43 2020...
