#-----------------------------------------------------------
# Vivado v2019.2 (64-bit)
# SW Build 2708876 on Wed Nov  6 21:40:23 MST 2019
# IP Build 2700528 on Thu Nov  7 00:09:20 MST 2019
# Start of session at: Sat Nov 21 11:24:53 2020
# Process ID: 17228
# Current directory: C:/Users/carl/fpga/project_4/project_4
# Command line: vivado.exe -gui_launcher_event rodinguilauncherevent2336 C:\Users\carl\fpga\project_4\project_4\project_4.xpr
# Log file: C:/Users/carl/fpga/project_4/project_4/vivado.log
# Journal file: C:/Users/carl/fpga/project_4/project_4\vivado.jou
#-----------------------------------------------------------
start_gui
open_project C:/Users/carl/fpga/project_4/project_4/project_4.xpr
Scanning sources...
Finished scanning sources
INFO: [IP_Flow 19-234] Refreshing IP repositories
INFO: [IP_Flow 19-1704] No user IP repositories specified
INFO: [IP_Flow 19-2313] Loaded Vivado IP repository 'C:/Xilinx/Vivado/2019.2/data/ip'.
update_compile_order -fileset sources_1
export_ip_user_files -of_objects  [get_files C:/Users/carl/fpga/project_4/project_4/project_4.srcs/sources_1/new/mealy.v] -no_script -reset -force -quiet
remove_files  C:/Users/carl/fpga/project_4/project_4/project_4.srcs/sources_1/new/mealy.v
file delete -force C:/Users/carl/fpga/project_4/project_4/project_4.srcs/sources_1/new/mealy.v
close [ open C:/Users/carl/fpga/project_4/project_4/project_4.srcs/sources_1/new/sep_det_mealy.v w ]
add_files C:/Users/carl/fpga/project_4/project_4/project_4.srcs/sources_1/new/sep_det_mealy.v
update_compile_order -fileset sources_1
exit
INFO: [Common 17-206] Exiting Vivado at Sat Nov 21 13:55:17 2020...
