#-----------------------------------------------------------
# Vivado v2019.2 (64-bit)
# SW Build 2708876 on Wed Nov  6 21:40:23 MST 2019
# IP Build 2700528 on Thu Nov  7 00:09:20 MST 2019
# Start of session at: Sat Nov 21 15:12:32 2020
# Process ID: 1400
# Current directory: C:/Users/carl/fpga/project_4/project_4
# Command line: vivado.exe -gui_launcher_event rodinguilauncherevent17052 C:\Users\carl\fpga\project_4\project_4\project_4.xpr
# Log file: C:/Users/carl/fpga/project_4/project_4/vivado.log
# Journal file: C:/Users/carl/fpga/project_4/project_4\vivado.jou
#-----------------------------------------------------------
start_gui
open_project C:/Users/carl/fpga/project_4/project_4/project_4.xpr
Scanning sources...
Finished scanning sources
INFO: [IP_Flow 19-234] Refreshing IP repositories
INFO: [IP_Flow 19-1704] No user IP repositories specified
INFO: [IP_Flow 19-2313] Loaded Vivado IP repository 'C:/Xilinx/Vivado/2019.2/data/ip'.
open_project: Time (s): cpu = 00:00:14 ; elapsed = 00:00:05 . Memory (MB): peak = 659.922 ; gain = 25.250
update_compile_order -fileset sources_1
set_property top mealy_sim [get_filesets sim_1]
set_property top_lib xil_defaultlib [get_filesets sim_1]
update_compile_order -fileset sim_1
launch_simulation
Command: launch_simulation 
INFO: [Vivado 12-5682] Launching behavioral simulation in 'C:/Users/carl/fpga/project_4/project_4/project_4.sim/sim_1/behav/xsim'
INFO: [SIM-utils-51] Simulation object is 'sim_1'
INFO: [SIM-utils-54] Inspecting design source files for 'mealy_sim' in fileset 'sim_1'...
INFO: [USF-XSim-97] Finding global include files...
INFO: [USF-XSim-98] Fetching design files from 'sim_1'...
INFO: [USF-XSim-2] XSim::Compile design
INFO: [USF-XSim-61] Executing 'COMPILE and ANALYZE' step in 'C:/Users/carl/fpga/project_4/project_4/project_4.sim/sim_1/behav/xsim'
"xvlog --incr --relax -prj mealy_sim_vlog.prj"
INFO: [VRFC 10-2263] Analyzing Verilog file "C:/Users/carl/fpga/project_4/project_4/project_4.srcs/sources_1/new/moore.v" into library xil_defaultlib
INFO: [VRFC 10-311] analyzing module moore
INFO: [VRFC 10-2263] Analyzing Verilog file "C:/Users/carl/fpga/project_4/project_4/project_4.srcs/sim_1/new/mealy_sim.v" into library xil_defaultlib
INFO: [VRFC 10-311] analyzing module mealy_sim
run_program: Time (s): cpu = 00:00:00 ; elapsed = 00:00:08 . Memory (MB): peak = 718.578 ; gain = 0.000
INFO: [USF-XSim-69] 'compile' step finished in '8' seconds
INFO: [USF-XSim-3] XSim::Elaborate design
INFO: [USF-XSim-61] Executing 'ELABORATE' step in 'C:/Users/carl/fpga/project_4/project_4/project_4.sim/sim_1/behav/xsim'
"xelab -wto 62f88c6c092b4283a0424ce80bb99775 --incr --debug typical --relax --mt 2 -L xil_defaultlib -L unisims_ver -L unimacro_ver -L secureip --snapshot mealy_sim_behav xil_defaultlib.mealy_sim xil_defaultlib.glbl -log elaborate.log"
Vivado Simulator 2019.2
Copyright 1986-1999, 2001-2019 Xilinx, Inc. All Rights Reserved.
Running: C:/Xilinx/Vivado/2019.2/bin/unwrapped/win64.o/xelab.exe -wto 62f88c6c092b4283a0424ce80bb99775 --incr --debug typical --relax --mt 2 -L xil_defaultlib -L unisims_ver -L unimacro_ver -L secureip --snapshot mealy_sim_behav xil_defaultlib.mealy_sim xil_defaultlib.glbl -log elaborate.log 
Using 2 slave threads.
WARNING: [XSIM 43-3431] One or more environment variables have been detected which affect the operation of the C compiler. These are typically not set in standard installations and are not tested by Xilinx, however they may be appropriate for your system, so the flow will attempt to continue.  If errors occur, try running xelab with the "-mt off -v 1" switches to see more information from the C compiler. The following environment variables have been detected:
    C_INCLUDE_PATH
    LIBRARY_PATH
Starting static elaboration
Pass Through NonSizing Optimizer
Completed static elaboration
Starting simulation data flow analysis
Completed simulation data flow analysis
Time Resolution for simulation is 1ps
Compiling module xil_defaultlib.moore
Compiling module xil_defaultlib.mealy_sim
Compiling module xil_defaultlib.glbl
Built simulation snapshot mealy_sim_behav

****** Webtalk v2019.2 (64-bit)
  **** SW Build 2708876 on Wed Nov  6 21:40:23 MST 2019
  **** IP Build 2700528 on Thu Nov  7 00:09:20 MST 2019
    ** Copyright 1986-2019 Xilinx, Inc. All Rights Reserved.

source C:/Users/carl/fpga/project_4/project_4/project_4.sim/sim_1/behav/xsim/xsim.dir/mealy_sim_behav/webtalk/xsim_webtalk.tcl -notrace
INFO: [Common 17-186] 'C:/Users/carl/fpga/project_4/project_4/project_4.sim/sim_1/behav/xsim/xsim.dir/mealy_sim_behav/webtalk/usage_statistics_ext_xsim.xml' has been successfully sent to Xilinx on Sat Nov 21 15:17:37 2020. For additional details about this file, please refer to the WebTalk help file at C:/Xilinx/Vivado/2019.2/doc/webtalk_introduction.html.
INFO: [Common 17-206] Exiting Webtalk at Sat Nov 21 15:17:37 2020...
run_program: Time (s): cpu = 00:00:01 ; elapsed = 00:00:10 . Memory (MB): peak = 718.578 ; gain = 0.000
INFO: [USF-XSim-69] 'elaborate' step finished in '11' seconds
INFO: [USF-XSim-4] XSim::Simulate design
INFO: [USF-XSim-61] Executing 'SIMULATE' step in 'C:/Users/carl/fpga/project_4/project_4/project_4.sim/sim_1/behav/xsim'
INFO: [USF-XSim-98] *** Running xsim
   with args "mealy_sim_behav -key {Behavioral:sim_1:Functional:mealy_sim} -tclbatch {mealy_sim.tcl} -log {simulate.log}"
INFO: [USF-XSim-8] Loading simulator feature
Vivado Simulator 2019.2
Time resolution is 1 ps
source mealy_sim.tcl
# set curr_wave [current_wave_config]
# if { [string length $curr_wave] == 0 } {
#   if { [llength [get_objects]] > 0} {
#     add_wave /
#     set_property needs_save false [current_wave_config]
#   } else {
#      send_msg_id Add_Wave-1 WARNING "No top level signals found. Simulator will start without a wave window. If you want to open a wave window go to 'File->New Waveform Configuration' or type 'create_wave_config' in the TCL console."
#   }
# }
# run 1000ns
INFO: [USF-XSim-96] XSim completed. Design snapshot 'mealy_sim_behav' loaded.
INFO: [USF-XSim-97] XSim simulation ran for 1000ns
launch_simulation: Time (s): cpu = 00:00:08 ; elapsed = 00:00:24 . Memory (MB): peak = 732.176 ; gain = 13.598
file mkdir C:/Users/carl/fpga/project_4/project_4/project_4.srcs/constrs_1
file mkdir C:/Users/carl/fpga/project_4/project_4/project_4.srcs/constrs_1/new
close [ open C:/Users/carl/fpga/project_4/project_4/project_4.srcs/constrs_1/new/moore.xdc w ]
add_files -fileset constrs_1 C:/Users/carl/fpga/project_4/project_4/project_4.srcs/constrs_1/new/moore.xdc
close_sim
INFO: [Simtcl 6-16] Simulation closed
close_sim: Time (s): cpu = 00:00:03 ; elapsed = 00:00:07 . Memory (MB): peak = 743.711 ; gain = 0.000
launch_runs synth_1 -jobs 4
[Sat Nov 21 15:41:26 2020] Launched synth_1...
Run output will be captured here: C:/Users/carl/fpga/project_4/project_4/project_4.runs/synth_1/runme.log
launch_runs impl_1 -jobs 4
[Sat Nov 21 15:44:10 2020] Launched impl_1...
Run output will be captured here: C:/Users/carl/fpga/project_4/project_4/project_4.runs/impl_1/runme.log
open_run impl_1
INFO: [Device 21-403] Loading part xc7a35tcsg324-1
Netlist sorting complete. Time (s): cpu = 00:00:00 ; elapsed = 00:00:00 . Memory (MB): peak = 992.160 ; gain = 0.000
INFO: [Project 1-479] Netlist was created with Vivado 2019.2
INFO: [Project 1-570] Preparing netlist for logic optimization
INFO: [Timing 38-478] Restoring timing data from binary archive.
INFO: [Timing 38-479] Binary timing data restore complete.
INFO: [Project 1-856] Restoring constraints from binary archive.
INFO: [Project 1-853] Binary constraint restore complete.
Reading XDEF placement.
Reading placer database...
Reading XDEF routing.
Read XDEF File: Time (s): cpu = 00:00:00 ; elapsed = 00:00:00.040 . Memory (MB): peak = 1581.820 ; gain = 0.000
Restored from archive | CPU: 0.000000 secs | Memory: 0.000000 MB |
Finished XDEF File Restore: Time (s): cpu = 00:00:00 ; elapsed = 00:00:00.040 . Memory (MB): peak = 1581.820 ; gain = 0.000
Netlist sorting complete. Time (s): cpu = 00:00:00 ; elapsed = 00:00:00 . Memory (MB): peak = 1581.820 ; gain = 0.000
INFO: [Project 1-111] Unisim Transformation Summary:
No Unisim elements were transformed.

open_run: Time (s): cpu = 00:00:23 ; elapsed = 00:00:18 . Memory (MB): peak = 1719.574 ; gain = 968.633
WARNING: [Timing 38-313] There are no user specified timing constraints. Timing constraints are needed for proper timing analysis.
launch_runs impl_1 -to_step write_bitstream -jobs 4
[Sat Nov 21 15:46:40 2020] Launched impl_1...
Run output will be captured here: C:/Users/carl/fpga/project_4/project_4/project_4.runs/impl_1/runme.log
open_hw_manager
connect_hw_server -allow_non_jtag
INFO: [Labtools 27-2285] Connecting to hw_server url TCP:localhost:3121
INFO: [Labtools 27-2222] Launching hw_server...
INFO: [Labtools 27-2221] Launch Output:

****** Xilinx hw_server v2019.2
  **** Build date : Nov  6 2019 at 22:12:23
    ** Copyright 1986-2019 Xilinx, Inc. All Rights Reserved.


INFO: [Labtools 27-3415] Connecting to cs_server url TCP:localhost:3042
INFO: [Labtools 27-3417] Launching cs_server...
INFO: [Labtools 27-2221] Launch Output:


****** Xilinx cs_server v2019.2.0
  **** Build date : Nov 07 2019-13:28:22
    ** Copyright 2017-2019 Xilinx, Inc. All Rights Reserved.



connect_hw_server: Time (s): cpu = 00:00:01 ; elapsed = 00:00:13 . Memory (MB): peak = 1860.656 ; gain = 3.711
open_hw_target
INFO: [Labtoolstcl 44-466] Opening hw_target localhost:3121/xilinx_tcf/Xilinx/1234-tulA
set_property PROGRAM.FILE {C:/Users/carl/fpga/project_4/project_4/project_4.runs/impl_1/moore.bit} [get_hw_devices xc7a35t_0]
current_hw_device [get_hw_devices xc7a35t_0]
refresh_hw_device -update_hw_probes false [lindex [get_hw_devices xc7a35t_0] 0]
INFO: [Labtools 27-1435] Device xc7a35t (JTAG device index = 0) is not programmed (DONE status = 0).
set_property PROBES.FILE {} [get_hw_devices xc7a35t_0]
set_property FULL_PROBES.FILE {} [get_hw_devices xc7a35t_0]
set_property PROGRAM.FILE {C:/Users/carl/fpga/project_4/project_4/project_4.runs/impl_1/moore.bit} [get_hw_devices xc7a35t_0]
program_hw_devices [get_hw_devices xc7a35t_0]
INFO: [Labtools 27-3164] End of startup status: HIGH
refresh_hw_device [lindex [get_hw_devices xc7a35t_0] 0]
INFO: [Labtools 27-1434] Device xc7a35t (JTAG device index = 0) is programmed with a design that has no supported debug core(s) in it.
close_hw_manager
close_design
set_property top moore_sim [get_filesets sim_1]
set_property top_lib xil_defaultlib [get_filesets sim_1]
update_compile_order -fileset sim_1
launch_simulation
Command: launch_simulation 
INFO: [Vivado 12-5682] Launching behavioral simulation in 'C:/Users/carl/fpga/project_4/project_4/project_4.sim/sim_1/behav/xsim'
INFO: [SIM-utils-51] Simulation object is 'sim_1'
INFO: [SIM-utils-54] Inspecting design source files for 'moore_sim' in fileset 'sim_1'...
INFO: [USF-XSim-97] Finding global include files...
INFO: [USF-XSim-98] Fetching design files from 'sim_1'...
INFO: [USF-XSim-2] XSim::Compile design
INFO: [USF-XSim-61] Executing 'COMPILE and ANALYZE' step in 'C:/Users/carl/fpga/project_4/project_4/project_4.sim/sim_1/behav/xsim'
"xvlog --incr --relax -prj moore_sim_vlog.prj"
INFO: [VRFC 10-2263] Analyzing Verilog file "C:/Users/carl/fpga/project_4/project_4/project_4.srcs/sources_1/new/moore.v" into library xil_defaultlib
INFO: [VRFC 10-311] analyzing module moore
INFO: [VRFC 10-2263] Analyzing Verilog file "C:/Users/carl/fpga/project_4/project_4/project_4.srcs/sim_1/new/moore_sim.v" into library xil_defaultlib
INFO: [VRFC 10-311] analyzing module moore_sim
INFO: [USF-XSim-69] 'compile' step finished in '1' seconds
INFO: [USF-XSim-3] XSim::Elaborate design
INFO: [USF-XSim-61] Executing 'ELABORATE' step in 'C:/Users/carl/fpga/project_4/project_4/project_4.sim/sim_1/behav/xsim'
"xelab -wto 62f88c6c092b4283a0424ce80bb99775 --incr --debug typical --relax --mt 2 -L xil_defaultlib -L unisims_ver -L unimacro_ver -L secureip --snapshot moore_sim_behav xil_defaultlib.moore_sim xil_defaultlib.glbl -log elaborate.log"
Vivado Simulator 2019.2
Copyright 1986-1999, 2001-2019 Xilinx, Inc. All Rights Reserved.
Running: C:/Xilinx/Vivado/2019.2/bin/unwrapped/win64.o/xelab.exe -wto 62f88c6c092b4283a0424ce80bb99775 --incr --debug typical --relax --mt 2 -L xil_defaultlib -L unisims_ver -L unimacro_ver -L secureip --snapshot moore_sim_behav xil_defaultlib.moore_sim xil_defaultlib.glbl -log elaborate.log 
Using 2 slave threads.
WARNING: [XSIM 43-3431] One or more environment variables have been detected which affect the operation of the C compiler. These are typically not set in standard installations and are not tested by Xilinx, however they may be appropriate for your system, so the flow will attempt to continue.  If errors occur, try running xelab with the "-mt off -v 1" switches to see more information from the C compiler. The following environment variables have been detected:
    C_INCLUDE_PATH
    LIBRARY_PATH
Starting static elaboration
Pass Through NonSizing Optimizer
Completed static elaboration
Starting simulation data flow analysis
Completed simulation data flow analysis
Time Resolution for simulation is 1ps
Compiling module xil_defaultlib.moore
Compiling module xil_defaultlib.moore_sim
Compiling module xil_defaultlib.glbl
Built simulation snapshot moore_sim_behav

****** Webtalk v2019.2 (64-bit)
  **** SW Build 2708876 on Wed Nov  6 21:40:23 MST 2019
  **** IP Build 2700528 on Thu Nov  7 00:09:20 MST 2019
    ** Copyright 1986-2019 Xilinx, Inc. All Rights Reserved.

source C:/Users/carl/fpga/project_4/project_4/project_4.sim/sim_1/behav/xsim/xsim.dir/moore_sim_behav/webtalk/xsim_webtalk.tcl -notrace
webtalk_transmit: Time (s): cpu = 00:00:00 ; elapsed = 00:00:07 . Memory (MB): peak = 92.473 ; gain = 0.000
INFO: [Common 17-206] Exiting Webtalk at Sat Nov 21 15:55:03 2020...
run_program: Time (s): cpu = 00:00:00 ; elapsed = 00:00:10 . Memory (MB): peak = 3187.992 ; gain = 0.000
INFO: [USF-XSim-69] 'elaborate' step finished in '10' seconds
INFO: [USF-XSim-4] XSim::Simulate design
INFO: [USF-XSim-61] Executing 'SIMULATE' step in 'C:/Users/carl/fpga/project_4/project_4/project_4.sim/sim_1/behav/xsim'
INFO: [USF-XSim-98] *** Running xsim
   with args "moore_sim_behav -key {Behavioral:sim_1:Functional:moore_sim} -tclbatch {moore_sim.tcl} -log {simulate.log}"
INFO: [USF-XSim-8] Loading simulator feature
Vivado Simulator 2019.2
Time resolution is 1 ps
source moore_sim.tcl
# set curr_wave [current_wave_config]
# if { [string length $curr_wave] == 0 } {
#   if { [llength [get_objects]] > 0} {
#     add_wave /
#     set_property needs_save false [current_wave_config]
#   } else {
#      send_msg_id Add_Wave-1 WARNING "No top level signals found. Simulator will start without a wave window. If you want to open a wave window go to 'File->New Waveform Configuration' or type 'create_wave_config' in the TCL console."
#   }
# }
# run 1000ns
xsim: Time (s): cpu = 00:00:03 ; elapsed = 00:00:05 . Memory (MB): peak = 3187.992 ; gain = 0.000
INFO: [USF-XSim-96] XSim completed. Design snapshot 'moore_sim_behav' loaded.
INFO: [USF-XSim-97] XSim simulation ran for 1000ns
launch_simulation: Time (s): cpu = 00:00:04 ; elapsed = 00:00:19 . Memory (MB): peak = 3187.992 ; gain = 0.000
relaunch_sim
suspend_sim: Time (s): cpu = 00:00:01 ; elapsed = 00:00:09 . Memory (MB): peak = 3187.992 ; gain = 0.000
Command: launch_simulation -simset sim_1 -mode behavioral
INFO: [Vivado 12-5682] Launching behavioral simulation in 'C:/Users/carl/fpga/project_4/project_4/project_4.sim/sim_1/behav/xsim'
INFO: [SIM-utils-51] Simulation object is 'sim_1'
INFO: [SIM-utils-54] Inspecting design source files for 'moore_sim' in fileset 'sim_1'...
INFO: [USF-XSim-97] Finding global include files...
INFO: [USF-XSim-98] Fetching design files from 'sim_1'...
INFO: [USF-XSim-2] XSim::Compile design
INFO: [USF-XSim-61] Executing 'COMPILE and ANALYZE' step in 'C:/Users/carl/fpga/project_4/project_4/project_4.sim/sim_1/behav/xsim'
"xvlog --incr --relax -prj moore_sim_vlog.prj"
INFO: [VRFC 10-2263] Analyzing Verilog file "C:/Users/carl/fpga/project_4/project_4/project_4.srcs/sources_1/new/moore.v" into library xil_defaultlib
INFO: [VRFC 10-311] analyzing module moore
INFO: [VRFC 10-2263] Analyzing Verilog file "C:/Users/carl/fpga/project_4/project_4/project_4.srcs/sim_1/new/moore_sim.v" into library xil_defaultlib
INFO: [VRFC 10-311] analyzing module moore_sim
INFO: [USF-XSim-69] 'compile' step finished in '2' seconds
Command: launch_simulation -simset sim_1 -mode behavioral
INFO: [Vivado 12-5682] Launching behavioral simulation in 'C:/Users/carl/fpga/project_4/project_4/project_4.sim/sim_1/behav/xsim'
INFO: [USF-XSim-3] XSim::Elaborate design
INFO: [USF-XSim-61] Executing 'ELABORATE' step in 'C:/Users/carl/fpga/project_4/project_4/project_4.sim/sim_1/behav/xsim'
"xelab -wto 62f88c6c092b4283a0424ce80bb99775 --incr --debug typical --relax --mt 2 -L xil_defaultlib -L unisims_ver -L unimacro_ver -L secureip --snapshot moore_sim_behav xil_defaultlib.moore_sim xil_defaultlib.glbl -log elaborate.log"
Vivado Simulator 2019.2
Copyright 1986-1999, 2001-2019 Xilinx, Inc. All Rights Reserved.
Running: C:/Xilinx/Vivado/2019.2/bin/unwrapped/win64.o/xelab.exe -wto 62f88c6c092b4283a0424ce80bb99775 --incr --debug typical --relax --mt 2 -L xil_defaultlib -L unisims_ver -L unimacro_ver -L secureip --snapshot moore_sim_behav xil_defaultlib.moore_sim xil_defaultlib.glbl -log elaborate.log 
Using 2 slave threads.
WARNING: [XSIM 43-3431] One or more environment variables have been detected which affect the operation of the C compiler. These are typically not set in standard installations and are not tested by Xilinx, however they may be appropriate for your system, so the flow will attempt to continue.  If errors occur, try running xelab with the "-mt off -v 1" switches to see more information from the C compiler. The following environment variables have been detected:
    C_INCLUDE_PATH
    LIBRARY_PATH
Starting static elaboration
Pass Through NonSizing Optimizer
Completed static elaboration
Starting simulation data flow analysis
Completed simulation data flow analysis
Time Resolution for simulation is 1ps
Compiling module xil_defaultlib.moore
Compiling module xil_defaultlib.moore_sim
Compiling module xil_defaultlib.glbl
Built simulation snapshot moore_sim_behav
INFO: [USF-XSim-69] 'elaborate' step finished in '2' seconds
Vivado Simulator 2019.2
Time resolution is 1 ps
relaunch_sim: Time (s): cpu = 00:00:01 ; elapsed = 00:00:16 . Memory (MB): peak = 3187.992 ; gain = 0.000
relaunch_sim
Command: launch_simulation -simset sim_1 -mode behavioral
INFO: [Vivado 12-5682] Launching behavioral simulation in 'C:/Users/carl/fpga/project_4/project_4/project_4.sim/sim_1/behav/xsim'
INFO: [SIM-utils-51] Simulation object is 'sim_1'
INFO: [SIM-utils-54] Inspecting design source files for 'moore_sim' in fileset 'sim_1'...
INFO: [USF-XSim-97] Finding global include files...
INFO: [USF-XSim-98] Fetching design files from 'sim_1'...
INFO: [USF-XSim-2] XSim::Compile design
INFO: [USF-XSim-61] Executing 'COMPILE and ANALYZE' step in 'C:/Users/carl/fpga/project_4/project_4/project_4.sim/sim_1/behav/xsim'
"xvlog --incr --relax -prj moore_sim_vlog.prj"
INFO: [VRFC 10-2263] Analyzing Verilog file "C:/Users/carl/fpga/project_4/project_4/project_4.srcs/sources_1/new/moore.v" into library xil_defaultlib
INFO: [VRFC 10-311] analyzing module moore
INFO: [VRFC 10-2263] Analyzing Verilog file "C:/Users/carl/fpga/project_4/project_4/project_4.srcs/sim_1/new/moore_sim.v" into library xil_defaultlib
INFO: [VRFC 10-311] analyzing module moore_sim
INFO: [USF-XSim-69] 'compile' step finished in '2' seconds
Command: launch_simulation -simset sim_1 -mode behavioral
INFO: [Vivado 12-5682] Launching behavioral simulation in 'C:/Users/carl/fpga/project_4/project_4/project_4.sim/sim_1/behav/xsim'
INFO: [USF-XSim-3] XSim::Elaborate design
INFO: [USF-XSim-61] Executing 'ELABORATE' step in 'C:/Users/carl/fpga/project_4/project_4/project_4.sim/sim_1/behav/xsim'
"xelab -wto 62f88c6c092b4283a0424ce80bb99775 --incr --debug typical --relax --mt 2 -L xil_defaultlib -L unisims_ver -L unimacro_ver -L secureip --snapshot moore_sim_behav xil_defaultlib.moore_sim xil_defaultlib.glbl -log elaborate.log"
Vivado Simulator 2019.2
Copyright 1986-1999, 2001-2019 Xilinx, Inc. All Rights Reserved.
Running: C:/Xilinx/Vivado/2019.2/bin/unwrapped/win64.o/xelab.exe -wto 62f88c6c092b4283a0424ce80bb99775 --incr --debug typical --relax --mt 2 -L xil_defaultlib -L unisims_ver -L unimacro_ver -L secureip --snapshot moore_sim_behav xil_defaultlib.moore_sim xil_defaultlib.glbl -log elaborate.log 
Using 2 slave threads.
WARNING: [XSIM 43-3431] One or more environment variables have been detected which affect the operation of the C compiler. These are typically not set in standard installations and are not tested by Xilinx, however they may be appropriate for your system, so the flow will attempt to continue.  If errors occur, try running xelab with the "-mt off -v 1" switches to see more information from the C compiler. The following environment variables have been detected:
    C_INCLUDE_PATH
    LIBRARY_PATH
Starting static elaboration
Pass Through NonSizing Optimizer
Completed static elaboration
Starting simulation data flow analysis
Completed simulation data flow analysis
Time Resolution for simulation is 1ps
Compiling module xil_defaultlib.moore
Compiling module xil_defaultlib.moore_sim
Compiling module xil_defaultlib.glbl
Built simulation snapshot moore_sim_behav
INFO: [USF-XSim-69] 'elaborate' step finished in '2' seconds
Vivado Simulator 2019.2
Time resolution is 1 ps
relaunch_sim: Time (s): cpu = 00:00:01 ; elapsed = 00:00:09 . Memory (MB): peak = 3187.992 ; gain = 0.000
relaunch_sim
Command: launch_simulation -simset sim_1 -mode behavioral
INFO: [Vivado 12-5682] Launching behavioral simulation in 'C:/Users/carl/fpga/project_4/project_4/project_4.sim/sim_1/behav/xsim'
INFO: [SIM-utils-51] Simulation object is 'sim_1'
INFO: [SIM-utils-54] Inspecting design source files for 'moore_sim' in fileset 'sim_1'...
INFO: [USF-XSim-97] Finding global include files...
INFO: [USF-XSim-98] Fetching design files from 'sim_1'...
INFO: [USF-XSim-2] XSim::Compile design
INFO: [USF-XSim-61] Executing 'COMPILE and ANALYZE' step in 'C:/Users/carl/fpga/project_4/project_4/project_4.sim/sim_1/behav/xsim'
"xvlog --incr --relax -prj moore_sim_vlog.prj"
INFO: [VRFC 10-2263] Analyzing Verilog file "C:/Users/carl/fpga/project_4/project_4/project_4.srcs/sources_1/new/moore.v" into library xil_defaultlib
INFO: [VRFC 10-311] analyzing module moore
INFO: [VRFC 10-2263] Analyzing Verilog file "C:/Users/carl/fpga/project_4/project_4/project_4.srcs/sim_1/new/moore_sim.v" into library xil_defaultlib
INFO: [VRFC 10-311] analyzing module moore_sim
INFO: [USF-XSim-69] 'compile' step finished in '2' seconds
Command: launch_simulation -simset sim_1 -mode behavioral
INFO: [Vivado 12-5682] Launching behavioral simulation in 'C:/Users/carl/fpga/project_4/project_4/project_4.sim/sim_1/behav/xsim'
INFO: [USF-XSim-3] XSim::Elaborate design
INFO: [USF-XSim-61] Executing 'ELABORATE' step in 'C:/Users/carl/fpga/project_4/project_4/project_4.sim/sim_1/behav/xsim'
"xelab -wto 62f88c6c092b4283a0424ce80bb99775 --incr --debug typical --relax --mt 2 -L xil_defaultlib -L unisims_ver -L unimacro_ver -L secureip --snapshot moore_sim_behav xil_defaultlib.moore_sim xil_defaultlib.glbl -log elaborate.log"
Vivado Simulator 2019.2
Copyright 1986-1999, 2001-2019 Xilinx, Inc. All Rights Reserved.
Running: C:/Xilinx/Vivado/2019.2/bin/unwrapped/win64.o/xelab.exe -wto 62f88c6c092b4283a0424ce80bb99775 --incr --debug typical --relax --mt 2 -L xil_defaultlib -L unisims_ver -L unimacro_ver -L secureip --snapshot moore_sim_behav xil_defaultlib.moore_sim xil_defaultlib.glbl -log elaborate.log 
Using 2 slave threads.
WARNING: [XSIM 43-3431] One or more environment variables have been detected which affect the operation of the C compiler. These are typically not set in standard installations and are not tested by Xilinx, however they may be appropriate for your system, so the flow will attempt to continue.  If errors occur, try running xelab with the "-mt off -v 1" switches to see more information from the C compiler. The following environment variables have been detected:
    C_INCLUDE_PATH
    LIBRARY_PATH
Starting static elaboration
Pass Through NonSizing Optimizer
Completed static elaboration
Starting simulation data flow analysis
Completed simulation data flow analysis
Time Resolution for simulation is 1ps
Compiling module xil_defaultlib.moore
Compiling module xil_defaultlib.moore_sim
Compiling module xil_defaultlib.glbl
Built simulation snapshot moore_sim_behav
INFO: [USF-XSim-69] 'elaborate' step finished in '1' seconds
Vivado Simulator 2019.2
Time resolution is 1 ps
relaunch_sim: Time (s): cpu = 00:00:01 ; elapsed = 00:00:07 . Memory (MB): peak = 3187.992 ; gain = 0.000
run all
run: Time (s): cpu = 00:00:07 ; elapsed = 00:00:06 . Memory (MB): peak = 3187.992 ; gain = 0.000
relaunch_sim
Command: launch_simulation -simset sim_1 -mode behavioral
INFO: [Vivado 12-5682] Launching behavioral simulation in 'C:/Users/carl/fpga/project_4/project_4/project_4.sim/sim_1/behav/xsim'
INFO: [SIM-utils-51] Simulation object is 'sim_1'
INFO: [SIM-utils-54] Inspecting design source files for 'moore_sim' in fileset 'sim_1'...
INFO: [USF-XSim-97] Finding global include files...
INFO: [USF-XSim-98] Fetching design files from 'sim_1'...
INFO: [USF-XSim-2] XSim::Compile design
INFO: [USF-XSim-61] Executing 'COMPILE and ANALYZE' step in 'C:/Users/carl/fpga/project_4/project_4/project_4.sim/sim_1/behav/xsim'
"xvlog --incr --relax -prj moore_sim_vlog.prj"
INFO: [VRFC 10-2263] Analyzing Verilog file "C:/Users/carl/fpga/project_4/project_4/project_4.srcs/sources_1/new/moore.v" into library xil_defaultlib
INFO: [VRFC 10-311] analyzing module moore
INFO: [VRFC 10-2263] Analyzing Verilog file "C:/Users/carl/fpga/project_4/project_4/project_4.srcs/sim_1/new/moore_sim.v" into library xil_defaultlib
INFO: [VRFC 10-311] analyzing module moore_sim
INFO: [USF-XSim-69] 'compile' step finished in '1' seconds
Command: launch_simulation -simset sim_1 -mode behavioral
INFO: [Vivado 12-5682] Launching behavioral simulation in 'C:/Users/carl/fpga/project_4/project_4/project_4.sim/sim_1/behav/xsim'
INFO: [USF-XSim-3] XSim::Elaborate design
INFO: [USF-XSim-61] Executing 'ELABORATE' step in 'C:/Users/carl/fpga/project_4/project_4/project_4.sim/sim_1/behav/xsim'
"xelab -wto 62f88c6c092b4283a0424ce80bb99775 --incr --debug typical --relax --mt 2 -L xil_defaultlib -L unisims_ver -L unimacro_ver -L secureip --snapshot moore_sim_behav xil_defaultlib.moore_sim xil_defaultlib.glbl -log elaborate.log"
Vivado Simulator 2019.2
Copyright 1986-1999, 2001-2019 Xilinx, Inc. All Rights Reserved.
Running: C:/Xilinx/Vivado/2019.2/bin/unwrapped/win64.o/xelab.exe -wto 62f88c6c092b4283a0424ce80bb99775 --incr --debug typical --relax --mt 2 -L xil_defaultlib -L unisims_ver -L unimacro_ver -L secureip --snapshot moore_sim_behav xil_defaultlib.moore_sim xil_defaultlib.glbl -log elaborate.log 
Using 2 slave threads.
WARNING: [XSIM 43-3431] One or more environment variables have been detected which affect the operation of the C compiler. These are typically not set in standard installations and are not tested by Xilinx, however they may be appropriate for your system, so the flow will attempt to continue.  If errors occur, try running xelab with the "-mt off -v 1" switches to see more information from the C compiler. The following environment variables have been detected:
    C_INCLUDE_PATH
    LIBRARY_PATH
Starting static elaboration
Pass Through NonSizing Optimizer
Completed static elaboration
Starting simulation data flow analysis
Completed simulation data flow analysis
Time Resolution for simulation is 1ps
Compiling module xil_defaultlib.moore
Compiling module xil_defaultlib.moore_sim
Compiling module xil_defaultlib.glbl
Built simulation snapshot moore_sim_behav
INFO: [USF-XSim-69] 'elaborate' step finished in '2' seconds
Vivado Simulator 2019.2
Time resolution is 1 ps
relaunch_sim: Time (s): cpu = 00:00:00 ; elapsed = 00:00:08 . Memory (MB): peak = 3187.992 ; gain = 0.000
reset_run synth_1
WARNING: [Vivado 12-1017] Problems encountered:
1. Failed to delete one or more files in run directory C:/Users/carl/fpga/project_4/project_4/project_4.runs/synth_1

launch_runs impl_1 -to_step write_bitstream -jobs 4
[Sat Nov 21 16:02:48 2020] Launched synth_1...
Run output will be captured here: C:/Users/carl/fpga/project_4/project_4/project_4.runs/synth_1/runme.log
[Sat Nov 21 16:02:48 2020] Launched impl_1...
Run output will be captured here: C:/Users/carl/fpga/project_4/project_4/project_4.runs/impl_1/runme.log
open_hw_manager
connect_hw_server -allow_non_jtag
INFO: [Labtools 27-2285] Connecting to hw_server url TCP:localhost:3121
INFO: [Labtools 27-2222] Launching hw_server...
INFO: [Labtools 27-2221] Launch Output:

****** Xilinx hw_server v2019.2
  **** Build date : Nov  6 2019 at 22:12:23
    ** Copyright 1986-2019 Xilinx, Inc. All Rights Reserved.


INFO: [Labtools 27-3415] Connecting to cs_server url TCP:localhost:3042
INFO: [Labtools 27-3417] Launching cs_server...
INFO: [Labtools 27-2221] Launch Output:


****** Xilinx cs_server v2019.2.0
  **** Build date : Nov 07 2019-13:28:22
    ** Copyright 2017-2019 Xilinx, Inc. All Rights Reserved.



connect_hw_server: Time (s): cpu = 00:00:00 ; elapsed = 00:00:09 . Memory (MB): peak = 3187.992 ; gain = 0.000
open_hw_target
INFO: [Labtoolstcl 44-466] Opening hw_target localhost:3121/xilinx_tcf/Xilinx/1234-tulA
set_property PROGRAM.FILE {C:/Users/carl/fpga/project_4/project_4/project_4.runs/impl_1/moore.bit} [get_hw_devices xc7a35t_0]
current_hw_device [get_hw_devices xc7a35t_0]
refresh_hw_device -update_hw_probes false [lindex [get_hw_devices xc7a35t_0] 0]
INFO: [Labtools 27-1434] Device xc7a35t (JTAG device index = 0) is programmed with a design that has no supported debug core(s) in it.
set_property PROBES.FILE {} [get_hw_devices xc7a35t_0]
set_property FULL_PROBES.FILE {} [get_hw_devices xc7a35t_0]
set_property PROGRAM.FILE {C:/Users/carl/fpga/project_4/project_4/project_4.runs/impl_1/moore.bit} [get_hw_devices xc7a35t_0]
program_hw_devices [get_hw_devices xc7a35t_0]
INFO: [Labtools 27-3164] End of startup status: HIGH
refresh_hw_device [lindex [get_hw_devices xc7a35t_0] 0]
INFO: [Labtools 27-1434] Device xc7a35t (JTAG device index = 0) is programmed with a design that has no supported debug core(s) in it.
reset_run synth_1
WARNING: [Vivado 12-1017] Problems encountered:
1. Failed to delete one or more files in run directory C:/Users/carl/fpga/project_4/project_4/project_4.runs/synth_1

launch_runs impl_1 -to_step write_bitstream -jobs 4
[Sat Nov 21 17:25:44 2020] Launched synth_1...
Run output will be captured here: C:/Users/carl/fpga/project_4/project_4/project_4.runs/synth_1/runme.log
[Sat Nov 21 17:25:44 2020] Launched impl_1...
Run output will be captured here: C:/Users/carl/fpga/project_4/project_4/project_4.runs/impl_1/runme.log
set_property PROBES.FILE {} [get_hw_devices xc7a35t_0]
set_property FULL_PROBES.FILE {} [get_hw_devices xc7a35t_0]
set_property PROGRAM.FILE {C:/Users/carl/fpga/project_4/project_4/project_4.runs/impl_1/moore.bit} [get_hw_devices xc7a35t_0]
program_hw_devices [get_hw_devices xc7a35t_0]
INFO: [Labtools 27-3164] End of startup status: HIGH
refresh_hw_device [lindex [get_hw_devices xc7a35t_0] 0]
INFO: [Labtools 27-1434] Device xc7a35t (JTAG device index = 0) is programmed with a design that has no supported debug core(s) in it.
close_sim
INFO: [Simtcl 6-16] Simulation closed
launch_simulation
Command: launch_simulation 
INFO: [Vivado 12-5682] Launching behavioral simulation in 'C:/Users/carl/fpga/project_4/project_4/project_4.sim/sim_1/behav/xsim'
INFO: [SIM-utils-51] Simulation object is 'sim_1'
INFO: [SIM-utils-54] Inspecting design source files for 'moore_sim' in fileset 'sim_1'...
INFO: [USF-XSim-97] Finding global include files...
INFO: [USF-XSim-98] Fetching design files from 'sim_1'...
INFO: [USF-XSim-2] XSim::Compile design
INFO: [USF-XSim-61] Executing 'COMPILE and ANALYZE' step in 'C:/Users/carl/fpga/project_4/project_4/project_4.sim/sim_1/behav/xsim'
"xvlog --incr --relax -prj moore_sim_vlog.prj"
INFO: [VRFC 10-2263] Analyzing Verilog file "C:/Users/carl/fpga/project_4/project_4/project_4.srcs/sources_1/new/moore.v" into library xil_defaultlib
INFO: [VRFC 10-311] analyzing module moore
INFO: [VRFC 10-2263] Analyzing Verilog file "C:/Users/carl/fpga/project_4/project_4/project_4.srcs/sim_1/new/moore_sim.v" into library xil_defaultlib
INFO: [VRFC 10-311] analyzing module moore_sim
INFO: [USF-XSim-69] 'compile' step finished in '1' seconds
INFO: [USF-XSim-3] XSim::Elaborate design
INFO: [USF-XSim-61] Executing 'ELABORATE' step in 'C:/Users/carl/fpga/project_4/project_4/project_4.sim/sim_1/behav/xsim'
"xelab -wto 62f88c6c092b4283a0424ce80bb99775 --incr --debug typical --relax --mt 2 -L xil_defaultlib -L unisims_ver -L unimacro_ver -L secureip --snapshot moore_sim_behav xil_defaultlib.moore_sim xil_defaultlib.glbl -log elaborate.log"
Vivado Simulator 2019.2
Copyright 1986-1999, 2001-2019 Xilinx, Inc. All Rights Reserved.
Running: C:/Xilinx/Vivado/2019.2/bin/unwrapped/win64.o/xelab.exe -wto 62f88c6c092b4283a0424ce80bb99775 --incr --debug typical --relax --mt 2 -L xil_defaultlib -L unisims_ver -L unimacro_ver -L secureip --snapshot moore_sim_behav xil_defaultlib.moore_sim xil_defaultlib.glbl -log elaborate.log 
Using 2 slave threads.
WARNING: [XSIM 43-3431] One or more environment variables have been detected which affect the operation of the C compiler. These are typically not set in standard installations and are not tested by Xilinx, however they may be appropriate for your system, so the flow will attempt to continue.  If errors occur, try running xelab with the "-mt off -v 1" switches to see more information from the C compiler. The following environment variables have been detected:
    C_INCLUDE_PATH
    LIBRARY_PATH
Starting static elaboration
Pass Through NonSizing Optimizer
Completed static elaboration
Starting simulation data flow analysis
Completed simulation data flow analysis
Time Resolution for simulation is 1ps
Compiling module xil_defaultlib.moore
Compiling module xil_defaultlib.moore_sim
Compiling module xil_defaultlib.glbl
Built simulation snapshot moore_sim_behav
INFO: [USF-XSim-69] 'elaborate' step finished in '3' seconds
INFO: [USF-XSim-4] XSim::Simulate design
INFO: [USF-XSim-61] Executing 'SIMULATE' step in 'C:/Users/carl/fpga/project_4/project_4/project_4.sim/sim_1/behav/xsim'
INFO: [USF-XSim-98] *** Running xsim
   with args "moore_sim_behav -key {Behavioral:sim_1:Functional:moore_sim} -tclbatch {moore_sim.tcl} -log {simulate.log}"
INFO: [USF-XSim-8] Loading simulator feature
Vivado Simulator 2019.2
Time resolution is 1 ps
source moore_sim.tcl
# set curr_wave [current_wave_config]
# if { [string length $curr_wave] == 0 } {
#   if { [llength [get_objects]] > 0} {
#     add_wave /
#     set_property needs_save false [current_wave_config]
#   } else {
#      send_msg_id Add_Wave-1 WARNING "No top level signals found. Simulator will start without a wave window. If you want to open a wave window go to 'File->New Waveform Configuration' or type 'create_wave_config' in the TCL console."
#   }
# }
# run 1000ns
INFO: [USF-XSim-96] XSim completed. Design snapshot 'moore_sim_behav' loaded.
INFO: [USF-XSim-97] XSim simulation ran for 1000ns
launch_simulation: Time (s): cpu = 00:00:01 ; elapsed = 00:00:07 . Memory (MB): peak = 3581.223 ; gain = 0.000
close_sim
INFO: [Simtcl 6-16] Simulation closed
close_project
****** Webtalk v2019.2 (64-bit)
  **** SW Build 2708876 on Wed Nov  6 21:40:23 MST 2019
  **** IP Build 2700528 on Thu Nov  7 00:09:20 MST 2019
    ** Copyright 1986-2019 Xilinx, Inc. All Rights Reserved.

source C:/Users/carl/fpga/project_4/project_4/project_4.hw/webtalk/labtool_webtalk.tcl -notrace
webtalk_transmit: Time (s): cpu = 00:00:00 ; elapsed = 00:00:07 . Memory (MB): peak = 109.844 ; gain = 17.391
INFO: [Common 17-206] Exiting Webtalk at Sat Nov 21 17:34:04 2020...
close_project: Time (s): cpu = 00:00:01 ; elapsed = 00:00:09 . Memory (MB): peak = 3581.223 ; gain = 0.000
create_project statemachine C:/Users/carl/fpga/statemachine -part xc7a35tcsg324-1
INFO: [IP_Flow 19-234] Refreshing IP repositories
INFO: [IP_Flow 19-1704] No user IP repositories specified
INFO: [IP_Flow 19-2313] Loaded Vivado IP repository 'C:/Xilinx/Vivado/2019.2/data/ip'.
add_files -norecurse {C:/Users/carl/fpga/statemachine/new/state_machine_mealy.v C:/Users/carl/fpga/statemachine/new/SeqDetector.v C:/Users/carl/fpga/statemachine/new/state_machine_moore.v}
update_compile_order -fileset sources_1
update_compile_order -fileset sources_1
launch_runs impl_1 -to_step write_bitstream -jobs 4
[Sat Nov 21 17:36:05 2020] Launched synth_1...
Run output will be captured here: C:/Users/carl/fpga/statemachine/statemachine.runs/synth_1/runme.log
[Sat Nov 21 17:36:05 2020] Launched impl_1...
Run output will be captured here: C:/Users/carl/fpga/statemachine/statemachine.runs/impl_1/runme.log
open_run impl_1
Netlist sorting complete. Time (s): cpu = 00:00:00 ; elapsed = 00:00:00 . Memory (MB): peak = 4126.516 ; gain = 0.000
INFO: [Project 1-479] Netlist was created with Vivado 2019.2
INFO: [Project 1-570] Preparing netlist for logic optimization
Reading XDEF placement.
Reading placer database...
Reading XDEF routing.
Read XDEF File: Time (s): cpu = 00:00:00 ; elapsed = 00:00:00.063 . Memory (MB): peak = 4134.563 ; gain = 0.000
Restored from archive | CPU: 0.000000 secs | Memory: 0.000000 MB |
Finished XDEF File Restore: Time (s): cpu = 00:00:00 ; elapsed = 00:00:00.064 . Memory (MB): peak = 4134.563 ; gain = 0.000
Netlist sorting complete. Time (s): cpu = 00:00:00 ; elapsed = 00:00:00 . Memory (MB): peak = 4134.563 ; gain = 0.000
INFO: [Project 1-111] Unisim Transformation Summary:
No Unisim elements were transformed.

WARNING: [Timing 38-313] There are no user specified timing constraints. Timing constraints are needed for proper timing analysis.
file mkdir C:/Users/carl/fpga/statemachine/statemachine.srcs/constrs_1
file mkdir C:/Users/carl/fpga/statemachine/statemachine.srcs/constrs_1/new
close [ open C:/Users/carl/fpga/statemachine/statemachine.srcs/constrs_1/new/123.xdc w ]
add_files -fileset constrs_1 C:/Users/carl/fpga/statemachine/statemachine.srcs/constrs_1/new/123.xdc
close_design
reset_run synth_1
launch_runs impl_1 -to_step write_bitstream -jobs 4
[Sat Nov 21 17:39:42 2020] Launched synth_1...
Run output will be captured here: C:/Users/carl/fpga/statemachine/statemachine.runs/synth_1/runme.log
[Sat Nov 21 17:39:42 2020] Launched impl_1...
Run output will be captured here: C:/Users/carl/fpga/statemachine/statemachine.runs/impl_1/runme.log
exit
INFO: [Common 17-206] Exiting Vivado at Sat Nov 21 17:41:49 2020...
