#-----------------------------------------------------------
# Vivado v2018.3 (64-bit)
# SW Build 2405991 on Thu Dec  6 23:38:27 MST 2018
# IP Build 2404404 on Fri Dec  7 01:43:56 MST 2018
# Start of session at: Wed Nov 25 11:22:11 2020
# Process ID: 14832
# Current directory: D:/190110716/project_6
# Command line: vivado.exe -gui_launcher_event rodinguilauncherevent13444 D:\190110716\project_6\project_6.xpr
# Log file: D:/190110716/project_6/vivado.log
# Journal file: D:/190110716/project_6\vivado.jou
#-----------------------------------------------------------
start_gui
open_project D:/190110716/project_6/project_6.xpr
CRITICAL WARNING: [Project 1-19] Could not find the file 'D:/190110716/project_6/project_6.srcs/sources_1/new/topDesign.v'.
Scanning sources...
Finished scanning sources
INFO: [IP_Flow 19-234] Refreshing IP repositories
INFO: [IP_Flow 19-1704] No user IP repositories specified
INFO: [IP_Flow 19-2313] Loaded Vivado IP repository 'C:/Xilinx/Vivado/2018.3/data/ip'.
update_compile_order -fileset sources_1
exit
INFO: [Common 17-206] Exiting Vivado at Wed Nov 25 11:24:21 2020...
