#-----------------------------------------------------------
# Vivado v2019.2 (64-bit)
# SW Build 2708876 on Wed Nov  6 21:40:23 MST 2019
# IP Build 2700528 on Thu Nov  7 00:09:20 MST 2019
# Start of session at: Thu Dec  3 00:27:05 2020
# Process ID: 17748
# Current directory: C:/Users/carl/fpga/ex6_done/project_6wed
# Command line: vivado.exe -gui_launcher_event rodinguilauncherevent19572 C:\Users\carl\fpga\ex6_done\project_6wed\project_6wed.xpr
# Log file: C:/Users/carl/fpga/ex6_done/project_6wed/vivado.log
# Journal file: C:/Users/carl/fpga/ex6_done/project_6wed\vivado.jou
#-----------------------------------------------------------
start_gui
open_project C:/Users/carl/fpga/ex6_done/project_6wed/project_6wed.xpr
INFO: [Project 1-313] Project file moved from 'D:/190110716/project_6wed' since last save.
Scanning sources...
Finished scanning sources
INFO: [Project 1-230] Project 'project_6wed.xpr' upgraded for this version of Vivado.
INFO: [IP_Flow 19-234] Refreshing IP repositories
INFO: [IP_Flow 19-1704] No user IP repositories specified
INFO: [IP_Flow 19-2313] Loaded Vivado IP repository 'C:/Xilinx/Vivado/2019.2/data/ip'.
open_project: Time (s): cpu = 00:00:13 ; elapsed = 00:00:05 . Memory (MB): peak = 738.172 ; gain = 104.773
update_compile_order -fileset sources_1
