#-----------------------------------------------------------
# Vivado v2018.3 (64-bit)
# SW Build 2405991 on Thu Dec  6 23:38:27 MST 2018
# IP Build 2404404 on Fri Dec  7 01:43:56 MST 2018
# Start of session at: Wed Nov 11 11:30:39 2020
# Process ID: 6836
# Current directory: D:/190110716/hexseg8
# Command line: vivado.exe -gui_launcher_event rodinguilauncherevent8936 D:\190110716\hexseg8\hexseg8.xpr
# Log file: D:/190110716/hexseg8/vivado.log
# Journal file: D:/190110716/hexseg8\vivado.jou
#-----------------------------------------------------------
start_gui
open_project D:/190110716/hexseg8/hexseg8.xpr
Scanning sources...
Finished scanning sources
INFO: [IP_Flow 19-234] Refreshing IP repositories
INFO: [IP_Flow 19-1704] No user IP repositories specified
INFO: [IP_Flow 19-2313] Loaded Vivado IP repository 'C:/Xilinx/Vivado/2018.3/data/ip'.
update_compile_order -fileset sources_1
launch_simulation
INFO: [Vivado 12-5682] Launching behavioral simulation in 'D:/190110716/hexseg8/hexseg8.sim/sim_1/behav/xsim'
INFO: [SIM-utils-51] Simulation object is 'sim_1'
INFO: [SIM-utils-54] Inspecting design source files for 'singleDisplay_sim' in fileset 'sim_1'...
INFO: [USF-XSim-97] Finding global include files...
INFO: [USF-XSim-98] Fetching design files from 'sim_1'...
INFO: [USF-XSim-2] XSim::Compile design
INFO: [USF-XSim-61] Executing 'COMPILE and ANALYZE' step in 'D:/190110716/hexseg8/hexseg8.sim/sim_1/behav/xsim'
"xvlog --incr --relax -prj singleDisplay_sim_vlog.prj"
INFO: [VRFC 10-2263] Analyzing Verilog file "D:/190110716/hexseg8/hexseg8.srcs/sim_1/new/singleDisplay_sim.v" into library xil_defaultlib
INFO: [VRFC 10-311] analyzing module singleDisplay_sim
INFO: [VRFC 10-2263] Analyzing Verilog file "D:/190110716/hexseg8/hexseg8.sim/sim_1/behav/xsim/glbl.v" into library xil_defaultlib
INFO: [VRFC 10-311] analyzing module glbl
INFO: [USF-XSim-69] 'compile' step finished in '1' seconds
INFO: [USF-XSim-3] XSim::Elaborate design
INFO: [USF-XSim-61] Executing 'ELABORATE' step in 'D:/190110716/hexseg8/hexseg8.sim/sim_1/behav/xsim'
Vivado Simulator 2018.3
Copyright 1986-1999, 2001-2018 Xilinx, Inc. All Rights Reserved.
Running: C:/Xilinx/Vivado/2018.3/bin/unwrapped/win64.o/xelab.exe -wto fc116af333b94c68ac30b7aee30a7b9c --incr --debug typical --relax --mt 2 -L xil_defaultlib -L unisims_ver -L unimacro_ver -L secureip --snapshot singleDisplay_sim_behav xil_defaultlib.singleDisplay_sim xil_defaultlib.glbl -log elaborate.log 
Using 2 slave threads.
Starting static elaboration
ERROR: [VRFC 10-2063] Module <singleDispay> not found while processing module instance <uut_singleDisplay_1> [D:/190110716/hexseg8/hexseg8.srcs/sim_1/new/singleDisplay_sim.v:28]
ERROR: [XSIM 43-3322] Static elaboration of top level Verilog design unit(s) in library work failed.
INFO: [USF-XSim-69] 'elaborate' step finished in '1' seconds
INFO: [USF-XSim-99] Step results log file:'D:/190110716/hexseg8/hexseg8.sim/sim_1/behav/xsim/elaborate.log'
ERROR: [USF-XSim-62] 'elaborate' step failed with error(s). Please check the Tcl console output or 'D:/190110716/hexseg8/hexseg8.sim/sim_1/behav/xsim/elaborate.log' file for more information.
ERROR: [Vivado 12-4473] Detected error while running simulation. Please correct the issue and retry this operation.
ERROR: [Common 17-39] 'launch_simulation' failed due to earlier errors.
launch_simulation
INFO: [Vivado 12-5682] Launching behavioral simulation in 'D:/190110716/hexseg8/hexseg8.sim/sim_1/behav/xsim'
INFO: [SIM-utils-51] Simulation object is 'sim_1'
INFO: [SIM-utils-54] Inspecting design source files for 'singleDisplay_sim' in fileset 'sim_1'...
INFO: [USF-XSim-97] Finding global include files...
INFO: [USF-XSim-98] Fetching design files from 'sim_1'...
INFO: [USF-XSim-2] XSim::Compile design
INFO: [USF-XSim-61] Executing 'COMPILE and ANALYZE' step in 'D:/190110716/hexseg8/hexseg8.sim/sim_1/behav/xsim'
"xvlog --incr --relax -prj singleDisplay_sim_vlog.prj"
INFO: [VRFC 10-2263] Analyzing Verilog file "D:/190110716/hexseg8/hexseg8.srcs/sim_1/new/singleDisplay_sim.v" into library xil_defaultlib
INFO: [VRFC 10-311] analyzing module singleDisplay_sim
INFO: [USF-XSim-69] 'compile' step finished in '1' seconds
INFO: [USF-XSim-3] XSim::Elaborate design
INFO: [USF-XSim-61] Executing 'ELABORATE' step in 'D:/190110716/hexseg8/hexseg8.sim/sim_1/behav/xsim'
Vivado Simulator 2018.3
Copyright 1986-1999, 2001-2018 Xilinx, Inc. All Rights Reserved.
Running: C:/Xilinx/Vivado/2018.3/bin/unwrapped/win64.o/xelab.exe -wto fc116af333b94c68ac30b7aee30a7b9c --incr --debug typical --relax --mt 2 -L xil_defaultlib -L unisims_ver -L unimacro_ver -L secureip --snapshot singleDisplay_sim_behav xil_defaultlib.singleDisplay_sim xil_defaultlib.glbl -log elaborate.log 
Using 2 slave threads.
Starting static elaboration
ERROR: [VRFC 10-2063] Module <singleDispay> not found while processing module instance <uut_singleDisplay_1> [D:/190110716/hexseg8/hexseg8.srcs/sim_1/new/singleDisplay_sim.v:29]
ERROR: [XSIM 43-3322] Static elaboration of top level Verilog design unit(s) in library work failed.
INFO: [USF-XSim-69] 'elaborate' step finished in '1' seconds
INFO: [USF-XSim-99] Step results log file:'D:/190110716/hexseg8/hexseg8.sim/sim_1/behav/xsim/elaborate.log'
ERROR: [USF-XSim-62] 'elaborate' step failed with error(s). Please check the Tcl console output or 'D:/190110716/hexseg8/hexseg8.sim/sim_1/behav/xsim/elaborate.log' file for more information.
ERROR: [Vivado 12-4473] Detected error while running simulation. Please correct the issue and retry this operation.
ERROR: [Common 17-39] 'launch_simulation' failed due to earlier errors.
launch_simulation
INFO: [Vivado 12-5682] Launching behavioral simulation in 'D:/190110716/hexseg8/hexseg8.sim/sim_1/behav/xsim'
INFO: [SIM-utils-51] Simulation object is 'sim_1'
INFO: [SIM-utils-54] Inspecting design source files for 'singleDisplay_sim' in fileset 'sim_1'...
INFO: [USF-XSim-97] Finding global include files...
INFO: [USF-XSim-98] Fetching design files from 'sim_1'...
INFO: [USF-XSim-2] XSim::Compile design
INFO: [USF-XSim-61] Executing 'COMPILE and ANALYZE' step in 'D:/190110716/hexseg8/hexseg8.sim/sim_1/behav/xsim'
"xvlog --incr --relax -prj singleDisplay_sim_vlog.prj"
INFO: [VRFC 10-2263] Analyzing Verilog file "D:/190110716/hexseg8/hexseg8.srcs/sources_1/new/singleDisplay.v" into library xil_defaultlib
INFO: [VRFC 10-311] analyzing module singleDisplay
INFO: [VRFC 10-2263] Analyzing Verilog file "D:/190110716/hexseg8/hexseg8.srcs/sim_1/new/singleDisplay_sim.v" into library xil_defaultlib
INFO: [VRFC 10-311] analyzing module singleDisplay_sim
INFO: [USF-XSim-69] 'compile' step finished in '1' seconds
INFO: [USF-XSim-3] XSim::Elaborate design
INFO: [USF-XSim-61] Executing 'ELABORATE' step in 'D:/190110716/hexseg8/hexseg8.sim/sim_1/behav/xsim'
Vivado Simulator 2018.3
Copyright 1986-1999, 2001-2018 Xilinx, Inc. All Rights Reserved.
Running: C:/Xilinx/Vivado/2018.3/bin/unwrapped/win64.o/xelab.exe -wto fc116af333b94c68ac30b7aee30a7b9c --incr --debug typical --relax --mt 2 -L xil_defaultlib -L unisims_ver -L unimacro_ver -L secureip --snapshot singleDisplay_sim_behav xil_defaultlib.singleDisplay_sim xil_defaultlib.glbl -log elaborate.log 
Using 2 slave threads.
Starting static elaboration
WARNING: [VRFC 10-3091] actual bit length 3 differs from formal bit length 4 for port 'data' [D:/190110716/hexseg8/hexseg8.srcs/sim_1/new/singleDisplay_sim.v:31]
ERROR: [VRFC 10-3236] concurrent assignment to a non-net 'led_o' is not permitted [D:/190110716/hexseg8/hexseg8.srcs/sim_1/new/singleDisplay_sim.v:32]
ERROR: [XSIM 43-3322] Static elaboration of top level Verilog design unit(s) in library work failed.
INFO: [USF-XSim-69] 'elaborate' step finished in '1' seconds
INFO: [USF-XSim-99] Step results log file:'D:/190110716/hexseg8/hexseg8.sim/sim_1/behav/xsim/elaborate.log'
ERROR: [USF-XSim-62] 'elaborate' step failed with error(s). Please check the Tcl console output or 'D:/190110716/hexseg8/hexseg8.sim/sim_1/behav/xsim/elaborate.log' file for more information.
ERROR: [Vivado 12-4473] Detected error while running simulation. Please correct the issue and retry this operation.
ERROR: [Common 17-39] 'launch_simulation' failed due to earlier errors.
launch_simulation
INFO: [Vivado 12-5682] Launching behavioral simulation in 'D:/190110716/hexseg8/hexseg8.sim/sim_1/behav/xsim'
INFO: [SIM-utils-51] Simulation object is 'sim_1'
INFO: [SIM-utils-54] Inspecting design source files for 'singleDisplay_sim' in fileset 'sim_1'...
INFO: [USF-XSim-97] Finding global include files...
INFO: [USF-XSim-98] Fetching design files from 'sim_1'...
INFO: [USF-XSim-2] XSim::Compile design
INFO: [USF-XSim-61] Executing 'COMPILE and ANALYZE' step in 'D:/190110716/hexseg8/hexseg8.sim/sim_1/behav/xsim'
"xvlog --incr --relax -prj singleDisplay_sim_vlog.prj"
INFO: [VRFC 10-2263] Analyzing Verilog file "D:/190110716/hexseg8/hexseg8.srcs/sources_1/new/singleDisplay.v" into library xil_defaultlib
INFO: [VRFC 10-311] analyzing module singleDisplay
INFO: [VRFC 10-2263] Analyzing Verilog file "D:/190110716/hexseg8/hexseg8.srcs/sim_1/new/singleDisplay_sim.v" into library xil_defaultlib
INFO: [VRFC 10-311] analyzing module singleDisplay_sim
INFO: [USF-XSim-69] 'compile' step finished in '1' seconds
INFO: [USF-XSim-3] XSim::Elaborate design
INFO: [USF-XSim-61] Executing 'ELABORATE' step in 'D:/190110716/hexseg8/hexseg8.sim/sim_1/behav/xsim'
Vivado Simulator 2018.3
Copyright 1986-1999, 2001-2018 Xilinx, Inc. All Rights Reserved.
Running: C:/Xilinx/Vivado/2018.3/bin/unwrapped/win64.o/xelab.exe -wto fc116af333b94c68ac30b7aee30a7b9c --incr --debug typical --relax --mt 2 -L xil_defaultlib -L unisims_ver -L unimacro_ver -L secureip --snapshot singleDisplay_sim_behav xil_defaultlib.singleDisplay_sim xil_defaultlib.glbl -log elaborate.log 
Using 2 slave threads.
Starting static elaboration
ERROR: [VRFC 10-3236] concurrent assignment to a non-net 'led_o' is not permitted [D:/190110716/hexseg8/hexseg8.srcs/sim_1/new/singleDisplay_sim.v:32]
ERROR: [XSIM 43-3322] Static elaboration of top level Verilog design unit(s) in library work failed.
INFO: [USF-XSim-69] 'elaborate' step finished in '1' seconds
INFO: [USF-XSim-99] Step results log file:'D:/190110716/hexseg8/hexseg8.sim/sim_1/behav/xsim/elaborate.log'
ERROR: [USF-XSim-62] 'elaborate' step failed with error(s). Please check the Tcl console output or 'D:/190110716/hexseg8/hexseg8.sim/sim_1/behav/xsim/elaborate.log' file for more information.
ERROR: [Vivado 12-4473] Detected error while running simulation. Please correct the issue and retry this operation.
ERROR: [Common 17-39] 'launch_simulation' failed due to earlier errors.
launch_simulation
INFO: [Vivado 12-5682] Launching behavioral simulation in 'D:/190110716/hexseg8/hexseg8.sim/sim_1/behav/xsim'
INFO: [SIM-utils-51] Simulation object is 'sim_1'
INFO: [SIM-utils-54] Inspecting design source files for 'singleDisplay_sim' in fileset 'sim_1'...
INFO: [USF-XSim-97] Finding global include files...
INFO: [USF-XSim-98] Fetching design files from 'sim_1'...
INFO: [USF-XSim-2] XSim::Compile design
INFO: [USF-XSim-61] Executing 'COMPILE and ANALYZE' step in 'D:/190110716/hexseg8/hexseg8.sim/sim_1/behav/xsim'
"xvlog --incr --relax -prj singleDisplay_sim_vlog.prj"
INFO: [VRFC 10-2263] Analyzing Verilog file "D:/190110716/hexseg8/hexseg8.srcs/sources_1/new/singleDisplay.v" into library xil_defaultlib
INFO: [VRFC 10-311] analyzing module singleDisplay
INFO: [VRFC 10-2263] Analyzing Verilog file "D:/190110716/hexseg8/hexseg8.srcs/sim_1/new/singleDisplay_sim.v" into library xil_defaultlib
INFO: [VRFC 10-311] analyzing module singleDisplay_sim
INFO: [USF-XSim-69] 'compile' step finished in '1' seconds
INFO: [USF-XSim-3] XSim::Elaborate design
INFO: [USF-XSim-61] Executing 'ELABORATE' step in 'D:/190110716/hexseg8/hexseg8.sim/sim_1/behav/xsim'
Vivado Simulator 2018.3
Copyright 1986-1999, 2001-2018 Xilinx, Inc. All Rights Reserved.
Running: C:/Xilinx/Vivado/2018.3/bin/unwrapped/win64.o/xelab.exe -wto fc116af333b94c68ac30b7aee30a7b9c --incr --debug typical --relax --mt 2 -L xil_defaultlib -L unisims_ver -L unimacro_ver -L secureip --snapshot singleDisplay_sim_behav xil_defaultlib.singleDisplay_sim xil_defaultlib.glbl -log elaborate.log 
Using 2 slave threads.
Starting static elaboration
Completed static elaboration
Starting simulation data flow analysis
Completed simulation data flow analysis
Time Resolution for simulation is 1ps
Compiling module xil_defaultlib.singleDisplay
Compiling module xil_defaultlib.singleDisplay_sim
Compiling module xil_defaultlib.glbl
Built simulation snapshot singleDisplay_sim_behav

****** Webtalk v2018.3 (64-bit)
  **** SW Build 2405991 on Thu Dec  6 23:38:27 MST 2018
  **** IP Build 2404404 on Fri Dec  7 01:43:56 MST 2018
    ** Copyright 1986-2018 Xilinx, Inc. All Rights Reserved.

source D:/190110716/hexseg8/hexseg8.sim/sim_1/behav/xsim/xsim.dir/singleDisplay_sim_behav/webtalk/xsim_webtalk.tcl -notrace
INFO: [Common 17-206] Exiting Webtalk at Wed Nov 11 11:34:36 2020...
INFO: [USF-XSim-69] 'elaborate' step finished in '3' seconds
INFO: [USF-XSim-4] XSim::Simulate design
INFO: [USF-XSim-61] Executing 'SIMULATE' step in 'D:/190110716/hexseg8/hexseg8.sim/sim_1/behav/xsim'
INFO: [USF-XSim-98] *** Running xsim
   with args "singleDisplay_sim_behav -key {Behavioral:sim_1:Functional:singleDisplay_sim} -tclbatch {singleDisplay_sim.tcl} -log {simulate.log}"
INFO: [USF-XSim-8] Loading simulator feature
Vivado Simulator 2018.3
Time resolution is 1 ps
source singleDisplay_sim.tcl
# set curr_wave [current_wave_config]
# if { [string length $curr_wave] == 0 } {
#   if { [llength [get_objects]] > 0} {
#     add_wave /
#     set_property needs_save false [current_wave_config]
#   } else {
#      send_msg_id Add_Wave-1 WARNING "No top level signals found. Simulator will start without a wave window. If you want to open a wave window go to 'File->New Waveform Configuration' or type 'create_wave_config' in the TCL console."
#   }
# }
# run 1000ns
INFO: [USF-XSim-96] XSim completed. Design snapshot 'singleDisplay_sim_behav' loaded.
INFO: [USF-XSim-97] XSim simulation ran for 1000ns
launch_simulation: Time (s): cpu = 00:00:04 ; elapsed = 00:00:06 . Memory (MB): peak = 767.676 ; gain = 16.727
relaunch_sim
INFO: [Vivado 12-5682] Launching behavioral simulation in 'D:/190110716/hexseg8/hexseg8.sim/sim_1/behav/xsim'
INFO: [SIM-utils-51] Simulation object is 'sim_1'
INFO: [SIM-utils-54] Inspecting design source files for 'singleDisplay_sim' in fileset 'sim_1'...
INFO: [USF-XSim-97] Finding global include files...
INFO: [USF-XSim-98] Fetching design files from 'sim_1'...
INFO: [USF-XSim-2] XSim::Compile design
INFO: [USF-XSim-61] Executing 'COMPILE and ANALYZE' step in 'D:/190110716/hexseg8/hexseg8.sim/sim_1/behav/xsim'
"xvlog --incr --relax -prj singleDisplay_sim_vlog.prj"
INFO: [VRFC 10-2263] Analyzing Verilog file "D:/190110716/hexseg8/hexseg8.srcs/sources_1/new/singleDisplay.v" into library xil_defaultlib
INFO: [VRFC 10-311] analyzing module singleDisplay
INFO: [VRFC 10-2263] Analyzing Verilog file "D:/190110716/hexseg8/hexseg8.srcs/sim_1/new/singleDisplay_sim.v" into library xil_defaultlib
INFO: [VRFC 10-311] analyzing module singleDisplay_sim
INFO: [USF-XSim-69] 'compile' step finished in '1' seconds
INFO: [Vivado 12-5682] Launching behavioral simulation in 'D:/190110716/hexseg8/hexseg8.sim/sim_1/behav/xsim'
INFO: [USF-XSim-3] XSim::Elaborate design
INFO: [USF-XSim-61] Executing 'ELABORATE' step in 'D:/190110716/hexseg8/hexseg8.sim/sim_1/behav/xsim'
Vivado Simulator 2018.3
Copyright 1986-1999, 2001-2018 Xilinx, Inc. All Rights Reserved.
Running: C:/Xilinx/Vivado/2018.3/bin/unwrapped/win64.o/xelab.exe -wto fc116af333b94c68ac30b7aee30a7b9c --incr --debug typical --relax --mt 2 -L xil_defaultlib -L unisims_ver -L unimacro_ver -L secureip --snapshot singleDisplay_sim_behav xil_defaultlib.singleDisplay_sim xil_defaultlib.glbl -log elaborate.log 
Using 2 slave threads.
Starting static elaboration
Completed static elaboration
Starting simulation data flow analysis
Completed simulation data flow analysis
Time Resolution for simulation is 1ps
Compiling module xil_defaultlib.singleDisplay
Compiling module xil_defaultlib.singleDisplay_sim
Compiling module xil_defaultlib.glbl
Built simulation snapshot singleDisplay_sim_behav
INFO: [USF-XSim-69] 'elaborate' step finished in '1' seconds
Vivado Simulator 2018.3
Time resolution is 1 ps
relaunch_sim: Time (s): cpu = 00:00:01 ; elapsed = 00:00:08 . Memory (MB): peak = 772.641 ; gain = 0.000
relaunch_sim
INFO: [Vivado 12-5682] Launching behavioral simulation in 'D:/190110716/hexseg8/hexseg8.sim/sim_1/behav/xsim'
INFO: [SIM-utils-51] Simulation object is 'sim_1'
INFO: [SIM-utils-54] Inspecting design source files for 'singleDisplay_sim' in fileset 'sim_1'...
INFO: [USF-XSim-97] Finding global include files...
INFO: [USF-XSim-98] Fetching design files from 'sim_1'...
INFO: [USF-XSim-2] XSim::Compile design
INFO: [USF-XSim-61] Executing 'COMPILE and ANALYZE' step in 'D:/190110716/hexseg8/hexseg8.sim/sim_1/behav/xsim'
"xvlog --incr --relax -prj singleDisplay_sim_vlog.prj"
INFO: [VRFC 10-2263] Analyzing Verilog file "D:/190110716/hexseg8/hexseg8.srcs/sources_1/new/singleDisplay.v" into library xil_defaultlib
INFO: [VRFC 10-311] analyzing module singleDisplay
INFO: [VRFC 10-2263] Analyzing Verilog file "D:/190110716/hexseg8/hexseg8.srcs/sim_1/new/singleDisplay_sim.v" into library xil_defaultlib
INFO: [VRFC 10-311] analyzing module singleDisplay_sim
INFO: [USF-XSim-69] 'compile' step finished in '1' seconds
INFO: [Vivado 12-5682] Launching behavioral simulation in 'D:/190110716/hexseg8/hexseg8.sim/sim_1/behav/xsim'
INFO: [USF-XSim-3] XSim::Elaborate design
INFO: [USF-XSim-61] Executing 'ELABORATE' step in 'D:/190110716/hexseg8/hexseg8.sim/sim_1/behav/xsim'
Vivado Simulator 2018.3
Copyright 1986-1999, 2001-2018 Xilinx, Inc. All Rights Reserved.
Running: C:/Xilinx/Vivado/2018.3/bin/unwrapped/win64.o/xelab.exe -wto fc116af333b94c68ac30b7aee30a7b9c --incr --debug typical --relax --mt 2 -L xil_defaultlib -L unisims_ver -L unimacro_ver -L secureip --snapshot singleDisplay_sim_behav xil_defaultlib.singleDisplay_sim xil_defaultlib.glbl -log elaborate.log 
Using 2 slave threads.
Starting static elaboration
Completed static elaboration
Starting simulation data flow analysis
Completed simulation data flow analysis
Time Resolution for simulation is 1ps
Compiling module xil_defaultlib.singleDisplay
Compiling module xil_defaultlib.singleDisplay_sim
Compiling module xil_defaultlib.glbl
Built simulation snapshot singleDisplay_sim_behav
INFO: [USF-XSim-69] 'elaborate' step finished in '1' seconds
Vivado Simulator 2018.3
Time resolution is 1 ps
relaunch_sim
INFO: [Vivado 12-5682] Launching behavioral simulation in 'D:/190110716/hexseg8/hexseg8.sim/sim_1/behav/xsim'
INFO: [SIM-utils-51] Simulation object is 'sim_1'
INFO: [SIM-utils-54] Inspecting design source files for 'singleDisplay_sim' in fileset 'sim_1'...
INFO: [USF-XSim-97] Finding global include files...
INFO: [USF-XSim-98] Fetching design files from 'sim_1'...
INFO: [USF-XSim-2] XSim::Compile design
INFO: [USF-XSim-61] Executing 'COMPILE and ANALYZE' step in 'D:/190110716/hexseg8/hexseg8.sim/sim_1/behav/xsim'
"xvlog --incr --relax -prj singleDisplay_sim_vlog.prj"
INFO: [VRFC 10-2263] Analyzing Verilog file "D:/190110716/hexseg8/hexseg8.srcs/sources_1/new/singleDisplay.v" into library xil_defaultlib
INFO: [VRFC 10-311] analyzing module singleDisplay
INFO: [VRFC 10-2263] Analyzing Verilog file "D:/190110716/hexseg8/hexseg8.srcs/sim_1/new/singleDisplay_sim.v" into library xil_defaultlib
INFO: [VRFC 10-311] analyzing module singleDisplay_sim
INFO: [USF-XSim-69] 'compile' step finished in '1' seconds
INFO: [Vivado 12-5682] Launching behavioral simulation in 'D:/190110716/hexseg8/hexseg8.sim/sim_1/behav/xsim'
INFO: [USF-XSim-3] XSim::Elaborate design
INFO: [USF-XSim-61] Executing 'ELABORATE' step in 'D:/190110716/hexseg8/hexseg8.sim/sim_1/behav/xsim'
Vivado Simulator 2018.3
Copyright 1986-1999, 2001-2018 Xilinx, Inc. All Rights Reserved.
Running: C:/Xilinx/Vivado/2018.3/bin/unwrapped/win64.o/xelab.exe -wto fc116af333b94c68ac30b7aee30a7b9c --incr --debug typical --relax --mt 2 -L xil_defaultlib -L unisims_ver -L unimacro_ver -L secureip --snapshot singleDisplay_sim_behav xil_defaultlib.singleDisplay_sim xil_defaultlib.glbl -log elaborate.log 
Using 2 slave threads.
Starting static elaboration
Completed static elaboration
Starting simulation data flow analysis
Completed simulation data flow analysis
Time Resolution for simulation is 1ps
Compiling module xil_defaultlib.singleDisplay
Compiling module xil_defaultlib.singleDisplay_sim
Compiling module xil_defaultlib.glbl
Built simulation snapshot singleDisplay_sim_behav
INFO: [USF-XSim-69] 'elaborate' step finished in '1' seconds
Vivado Simulator 2018.3
Time resolution is 1 ps
relaunch_sim
INFO: [Vivado 12-5682] Launching behavioral simulation in 'D:/190110716/hexseg8/hexseg8.sim/sim_1/behav/xsim'
INFO: [SIM-utils-51] Simulation object is 'sim_1'
INFO: [SIM-utils-54] Inspecting design source files for 'singleDisplay_sim' in fileset 'sim_1'...
INFO: [USF-XSim-97] Finding global include files...
INFO: [USF-XSim-98] Fetching design files from 'sim_1'...
INFO: [USF-XSim-2] XSim::Compile design
INFO: [USF-XSim-61] Executing 'COMPILE and ANALYZE' step in 'D:/190110716/hexseg8/hexseg8.sim/sim_1/behav/xsim'
"xvlog --incr --relax -prj singleDisplay_sim_vlog.prj"
INFO: [VRFC 10-2263] Analyzing Verilog file "D:/190110716/hexseg8/hexseg8.srcs/sources_1/new/singleDisplay.v" into library xil_defaultlib
INFO: [VRFC 10-311] analyzing module singleDisplay
INFO: [VRFC 10-2263] Analyzing Verilog file "D:/190110716/hexseg8/hexseg8.srcs/sim_1/new/singleDisplay_sim.v" into library xil_defaultlib
INFO: [VRFC 10-311] analyzing module singleDisplay_sim
INFO: [USF-XSim-69] 'compile' step finished in '1' seconds
INFO: [Vivado 12-5682] Launching behavioral simulation in 'D:/190110716/hexseg8/hexseg8.sim/sim_1/behav/xsim'
INFO: [USF-XSim-3] XSim::Elaborate design
INFO: [USF-XSim-61] Executing 'ELABORATE' step in 'D:/190110716/hexseg8/hexseg8.sim/sim_1/behav/xsim'
Vivado Simulator 2018.3
Copyright 1986-1999, 2001-2018 Xilinx, Inc. All Rights Reserved.
Running: C:/Xilinx/Vivado/2018.3/bin/unwrapped/win64.o/xelab.exe -wto fc116af333b94c68ac30b7aee30a7b9c --incr --debug typical --relax --mt 2 -L xil_defaultlib -L unisims_ver -L unimacro_ver -L secureip --snapshot singleDisplay_sim_behav xil_defaultlib.singleDisplay_sim xil_defaultlib.glbl -log elaborate.log 
Using 2 slave threads.
Starting static elaboration
Completed static elaboration
Starting simulation data flow analysis
Completed simulation data flow analysis
Time Resolution for simulation is 1ps
Compiling module xil_defaultlib.singleDisplay
Compiling module xil_defaultlib.singleDisplay_sim
Compiling module xil_defaultlib.glbl
Built simulation snapshot singleDisplay_sim_behav
INFO: [USF-XSim-69] 'elaborate' step finished in '1' seconds
Vivado Simulator 2018.3
Time resolution is 1 ps
relaunch_sim
INFO: [Vivado 12-5682] Launching behavioral simulation in 'D:/190110716/hexseg8/hexseg8.sim/sim_1/behav/xsim'
INFO: [SIM-utils-51] Simulation object is 'sim_1'
INFO: [SIM-utils-54] Inspecting design source files for 'singleDisplay_sim' in fileset 'sim_1'...
INFO: [USF-XSim-97] Finding global include files...
INFO: [USF-XSim-98] Fetching design files from 'sim_1'...
INFO: [USF-XSim-2] XSim::Compile design
INFO: [USF-XSim-61] Executing 'COMPILE and ANALYZE' step in 'D:/190110716/hexseg8/hexseg8.sim/sim_1/behav/xsim'
"xvlog --incr --relax -prj singleDisplay_sim_vlog.prj"
INFO: [VRFC 10-2263] Analyzing Verilog file "D:/190110716/hexseg8/hexseg8.srcs/sources_1/new/singleDisplay.v" into library xil_defaultlib
INFO: [VRFC 10-311] analyzing module singleDisplay
INFO: [VRFC 10-2263] Analyzing Verilog file "D:/190110716/hexseg8/hexseg8.srcs/sim_1/new/singleDisplay_sim.v" into library xil_defaultlib
INFO: [VRFC 10-311] analyzing module singleDisplay_sim
INFO: [USF-XSim-69] 'compile' step finished in '1' seconds
INFO: [Vivado 12-5682] Launching behavioral simulation in 'D:/190110716/hexseg8/hexseg8.sim/sim_1/behav/xsim'
INFO: [USF-XSim-3] XSim::Elaborate design
INFO: [USF-XSim-61] Executing 'ELABORATE' step in 'D:/190110716/hexseg8/hexseg8.sim/sim_1/behav/xsim'
Vivado Simulator 2018.3
Copyright 1986-1999, 2001-2018 Xilinx, Inc. All Rights Reserved.
Running: C:/Xilinx/Vivado/2018.3/bin/unwrapped/win64.o/xelab.exe -wto fc116af333b94c68ac30b7aee30a7b9c --incr --debug typical --relax --mt 2 -L xil_defaultlib -L unisims_ver -L unimacro_ver -L secureip --snapshot singleDisplay_sim_behav xil_defaultlib.singleDisplay_sim xil_defaultlib.glbl -log elaborate.log 
Using 2 slave threads.
Starting static elaboration
Completed static elaboration
Starting simulation data flow analysis
Completed simulation data flow analysis
Time Resolution for simulation is 1ps
Compiling module xil_defaultlib.singleDisplay
Compiling module xil_defaultlib.singleDisplay_sim
Compiling module xil_defaultlib.glbl
Built simulation snapshot singleDisplay_sim_behav
INFO: [USF-XSim-69] 'elaborate' step finished in '1' seconds
Vivado Simulator 2018.3
Time resolution is 1 ps
update_compile_order -fileset sources_1
update_compile_order -fileset sources_1
close_sim
INFO: [Simtcl 6-16] Simulation closed
exit
INFO: [Common 17-206] Exiting Vivado at Wed Nov 11 12:18:11 2020...
