#-----------------------------------------------------------
# Vivado v2019.2 (64-bit)
# SW Build 2708876 on Wed Nov  6 21:40:23 MST 2019
# IP Build 2700528 on Thu Nov  7 00:09:20 MST 2019
# Start of session at: Fri Nov 13 15:17:23 2020
# Process ID: 2856
# Current directory: C:/Users/carl/fpga/hexseg8
# Command line: vivado.exe -gui_launcher_event rodinguilauncherevent11488 C:\Users\carl\fpga\hexseg8\hexseg8.xpr
# Log file: C:/Users/carl/fpga/hexseg8/vivado.log
# Journal file: C:/Users/carl/fpga/hexseg8\vivado.jou
#-----------------------------------------------------------
start_gui
open_project C:/Users/carl/fpga/hexseg8/hexseg8.xpr
Scanning sources...
Finished scanning sources
INFO: [IP_Flow 19-234] Refreshing IP repositories
INFO: [IP_Flow 19-1704] No user IP repositories specified
INFO: [IP_Flow 19-2313] Loaded Vivado IP repository 'C:/Xilinx/Vivado/2019.2/data/ip'.
open_project: Time (s): cpu = 00:00:22 ; elapsed = 00:00:09 . Memory (MB): peak = 722.813 ; gain = 80.898
update_compile_order -fileset sources_1
reset_run impl_1 -prev_step 
launch_runs impl_1 -to_step write_bitstream -jobs 4
WARNING: [Vivado 12-872] Run step 'Design Initialization' is out-of-date.
[Fri Nov 13 15:28:06 2020] Launched impl_1...
Run output will be captured here: C:/Users/carl/fpga/hexseg8/hexseg8.runs/impl_1/runme.log
open_hw_manager
connect_hw_server -allow_non_jtag
INFO: [Labtools 27-2285] Connecting to hw_server url TCP:localhost:3121
INFO: [Labtools 27-2222] Launching hw_server...
INFO: [Labtools 27-2221] Launch Output:

****** Xilinx hw_server v2019.2
  **** Build date : Nov  6 2019 at 22:12:23
    ** Copyright 1986-2019 Xilinx, Inc. All Rights Reserved.


INFO: [Labtools 27-3415] Connecting to cs_server url TCP:localhost:3042
INFO: [Labtools 27-3417] Launching cs_server...
INFO: [Labtools 27-2221] Launch Output:


****** Xilinx cs_server v2019.2.0
  **** Build date : Nov 07 2019-13:28:22
    ** Copyright 2017-2019 Xilinx, Inc. All Rights Reserved.



connect_hw_server: Time (s): cpu = 00:00:01 ; elapsed = 00:00:10 . Memory (MB): peak = 772.402 ; gain = 16.367
open_hw_target
INFO: [Labtoolstcl 44-466] Opening hw_target localhost:3121/xilinx_tcf/Xilinx/1234-tulA
set_property PROGRAM.FILE {C:/Users/carl/fpga/hexseg8/hexseg8.runs/impl_1/hexseg8.bit} [get_hw_devices xc7a35t_0]
current_hw_device [get_hw_devices xc7a35t_0]
refresh_hw_device -update_hw_probes false [lindex [get_hw_devices xc7a35t_0] 0]
INFO: [Labtools 27-1435] Device xc7a35t (JTAG device index = 0) is not programmed (DONE status = 0).
set_property PROBES.FILE {} [get_hw_devices xc7a35t_0]
set_property FULL_PROBES.FILE {} [get_hw_devices xc7a35t_0]
set_property PROGRAM.FILE {C:/Users/carl/fpga/hexseg8/hexseg8.runs/impl_1/hexseg8.bit} [get_hw_devices xc7a35t_0]
program_hw_devices [get_hw_devices xc7a35t_0]
INFO: [Labtools 27-3164] End of startup status: HIGH
refresh_hw_device [lindex [get_hw_devices xc7a35t_0] 0]
INFO: [Labtools 27-1434] Device xc7a35t (JTAG device index = 0) is programmed with a design that has no supported debug core(s) in it.
close_hw_manager
reset_run synth_1
launch_runs impl_1 -to_step write_bitstream -jobs 4
[Fri Nov 13 15:34:40 2020] Launched synth_1...
Run output will be captured here: C:/Users/carl/fpga/hexseg8/hexseg8.runs/synth_1/runme.log
[Fri Nov 13 15:34:41 2020] Launched impl_1...
Run output will be captured here: C:/Users/carl/fpga/hexseg8/hexseg8.runs/impl_1/runme.log
open_hw_manager
connect_hw_server -allow_non_jtag
INFO: [Labtools 27-2285] Connecting to hw_server url TCP:localhost:3121
INFO: [Labtools 27-2222] Launching hw_server...
INFO: [Labtools 27-2221] Launch Output:

****** Xilinx hw_server v2019.2
  **** Build date : Nov  6 2019 at 22:12:23
    ** Copyright 1986-2019 Xilinx, Inc. All Rights Reserved.


INFO: [Labtools 27-3415] Connecting to cs_server url TCP:localhost:3042
INFO: [Labtools 27-3417] Launching cs_server...
INFO: [Labtools 27-2221] Launch Output:


****** Xilinx cs_server v2019.2.0
  **** Build date : Nov 07 2019-13:28:22
    ** Copyright 2017-2019 Xilinx, Inc. All Rights Reserved.



connect_hw_server: Time (s): cpu = 00:00:00 ; elapsed = 00:00:09 . Memory (MB): peak = 2052.648 ; gain = 0.000
open_hw_target
INFO: [Labtoolstcl 44-466] Opening hw_target localhost:3121/xilinx_tcf/Xilinx/1234-tulA
set_property PROGRAM.FILE {C:/Users/carl/fpga/hexseg8/hexseg8.runs/impl_1/hexseg8.bit} [get_hw_devices xc7a35t_0]
current_hw_device [get_hw_devices xc7a35t_0]
refresh_hw_device -update_hw_probes false [lindex [get_hw_devices xc7a35t_0] 0]
INFO: [Labtools 27-1434] Device xc7a35t (JTAG device index = 0) is programmed with a design that has no supported debug core(s) in it.
set_property PROBES.FILE {} [get_hw_devices xc7a35t_0]
set_property FULL_PROBES.FILE {} [get_hw_devices xc7a35t_0]
set_property PROGRAM.FILE {C:/Users/carl/fpga/hexseg8/hexseg8.runs/impl_1/hexseg8.bit} [get_hw_devices xc7a35t_0]
program_hw_devices [get_hw_devices xc7a35t_0]
INFO: [Labtools 27-3164] End of startup status: HIGH
refresh_hw_device [lindex [get_hw_devices xc7a35t_0] 0]
INFO: [Labtools 27-1434] Device xc7a35t (JTAG device index = 0) is programmed with a design that has no supported debug core(s) in it.
close_hw_manager
reset_run impl_1 -prev_step 
launch_runs impl_1 -to_step write_bitstream -jobs 4
WARNING: [Vivado 12-872] Run step 'Design Initialization' is out-of-date.
[Fri Nov 13 15:39:22 2020] Launched impl_1...
Run output will be captured here: C:/Users/carl/fpga/hexseg8/hexseg8.runs/impl_1/runme.log
open_hw_manager
connect_hw_server -allow_non_jtag
INFO: [Labtools 27-2285] Connecting to hw_server url TCP:localhost:3121
INFO: [Labtools 27-2222] Launching hw_server...
INFO: [Labtools 27-2221] Launch Output:

****** Xilinx hw_server v2019.2
  **** Build date : Nov  6 2019 at 22:12:23
    ** Copyright 1986-2019 Xilinx, Inc. All Rights Reserved.


INFO: [Labtools 27-3415] Connecting to cs_server url TCP:localhost:3042
INFO: [Labtools 27-3417] Launching cs_server...
INFO: [Labtools 27-2221] Launch Output:


****** Xilinx cs_server v2019.2.0
  **** Build date : Nov 07 2019-13:28:22
    ** Copyright 2017-2019 Xilinx, Inc. All Rights Reserved.



connect_hw_server: Time (s): cpu = 00:00:00 ; elapsed = 00:00:09 . Memory (MB): peak = 2066.883 ; gain = 0.000
open_hw_target
INFO: [Labtoolstcl 44-466] Opening hw_target localhost:3121/xilinx_tcf/Xilinx/1234-tulA
set_property PROGRAM.FILE {C:/Users/carl/fpga/hexseg8/hexseg8.runs/impl_1/hexseg8.bit} [get_hw_devices xc7a35t_0]
current_hw_device [get_hw_devices xc7a35t_0]
refresh_hw_device -update_hw_probes false [lindex [get_hw_devices xc7a35t_0] 0]
INFO: [Labtools 27-1434] Device xc7a35t (JTAG device index = 0) is programmed with a design that has no supported debug core(s) in it.
set_property PROBES.FILE {} [get_hw_devices xc7a35t_0]
set_property FULL_PROBES.FILE {} [get_hw_devices xc7a35t_0]
set_property PROGRAM.FILE {C:/Users/carl/fpga/hexseg8/hexseg8.runs/impl_1/hexseg8.bit} [get_hw_devices xc7a35t_0]
program_hw_devices [get_hw_devices xc7a35t_0]
INFO: [Labtools 27-3164] End of startup status: HIGH
refresh_hw_device [lindex [get_hw_devices xc7a35t_0] 0]
INFO: [Labtools 27-1434] Device xc7a35t (JTAG device index = 0) is programmed with a design that has no supported debug core(s) in it.
set_property PROBES.FILE {} [get_hw_devices xc7a35t_0]
set_property FULL_PROBES.FILE {} [get_hw_devices xc7a35t_0]
set_property PROGRAM.FILE {C:/Users/carl/fpga/hexseg8/hexseg8.runs/impl_1/hexseg8.bit} [get_hw_devices xc7a35t_0]
program_hw_devices [get_hw_devices xc7a35t_0]
INFO: [Labtools 27-3164] End of startup status: HIGH
refresh_hw_device [lindex [get_hw_devices xc7a35t_0] 0]
INFO: [Labtools 27-1434] Device xc7a35t (JTAG device index = 0) is programmed with a design that has no supported debug core(s) in it.
reset_run synth_1
launch_runs impl_1 -to_step write_bitstream -jobs 4
[Fri Nov 13 15:41:36 2020] Launched synth_1...
Run output will be captured here: C:/Users/carl/fpga/hexseg8/hexseg8.runs/synth_1/runme.log
[Fri Nov 13 15:41:36 2020] Launched impl_1...
Run output will be captured here: C:/Users/carl/fpga/hexseg8/hexseg8.runs/impl_1/runme.log
set_property PROBES.FILE {} [get_hw_devices xc7a35t_0]
set_property FULL_PROBES.FILE {} [get_hw_devices xc7a35t_0]
set_property PROGRAM.FILE {C:/Users/carl/fpga/hexseg8/hexseg8.runs/impl_1/hexseg8.bit} [get_hw_devices xc7a35t_0]
program_hw_devices [get_hw_devices xc7a35t_0]
INFO: [Labtools 27-3164] End of startup status: HIGH
refresh_hw_device [lindex [get_hw_devices xc7a35t_0] 0]
INFO: [Labtools 27-1434] Device xc7a35t (JTAG device index = 0) is programmed with a design that has no supported debug core(s) in it.
ERROR: [Labtoolstcl 44-513] HW Target shutdown. Closing target: localhost:3121/xilinx_tcf/Xilinx/1234-tulA
INFO: [Labtoolstcl 44-466] Opening hw_target localhost:3121/xilinx_tcf/Xilinx/1234-tulA
INFO: [Labtools 27-1435] Device xc7a35t (JTAG device index = 0) is not programmed (DONE status = 0).
WARNING: [Labtoolstcl 44-129] No matching hw_ila_data was found.
ERROR: [Labtoolstcl 44-513] HW Target shutdown. Closing target: localhost:3121/xilinx_tcf/Xilinx/1234-tulA
reset_run synth_1
INFO: [Labtoolstcl 44-466] Opening hw_target localhost:3121/xilinx_tcf/Xilinx/1234-tulA
INFO: [Labtools 27-1435] Device xc7a35t (JTAG device index = 0) is not programmed (DONE status = 0).
WARNING: [Labtoolstcl 44-129] No matching hw_ila_data was found.
launch_runs impl_1 -to_step write_bitstream -jobs 4
[Fri Nov 13 15:56:44 2020] Launched synth_1...
Run output will be captured here: C:/Users/carl/fpga/hexseg8/hexseg8.runs/synth_1/runme.log
[Fri Nov 13 15:56:44 2020] Launched impl_1...
Run output will be captured here: C:/Users/carl/fpga/hexseg8/hexseg8.runs/impl_1/runme.log
reset_run synth_1
launch_runs impl_1 -to_step write_bitstream -jobs 4
[Fri Nov 13 15:59:13 2020] Launched synth_1...
Run output will be captured here: C:/Users/carl/fpga/hexseg8/hexseg8.runs/synth_1/runme.log
[Fri Nov 13 15:59:13 2020] Launched impl_1...
Run output will be captured here: C:/Users/carl/fpga/hexseg8/hexseg8.runs/impl_1/runme.log
set_property PROBES.FILE {} [get_hw_devices xc7a35t_0]
set_property FULL_PROBES.FILE {} [get_hw_devices xc7a35t_0]
set_property PROGRAM.FILE {C:/Users/carl/fpga/hexseg8/hexseg8.runs/impl_1/hexseg8.bit} [get_hw_devices xc7a35t_0]
program_hw_devices [get_hw_devices xc7a35t_0]
INFO: [Labtools 27-3164] End of startup status: HIGH
refresh_hw_device [lindex [get_hw_devices xc7a35t_0] 0]
INFO: [Labtools 27-1434] Device xc7a35t (JTAG device index = 0) is programmed with a design that has no supported debug core(s) in it.
set_property PROBES.FILE {} [get_hw_devices xc7a35t_0]
set_property FULL_PROBES.FILE {} [get_hw_devices xc7a35t_0]
set_property PROGRAM.FILE {C:/Users/carl/fpga/hexseg8/hexseg8.runs/impl_1/hexseg8.bit} [get_hw_devices xc7a35t_0]
program_hw_devices [get_hw_devices xc7a35t_0]
INFO: [Labtools 27-3164] End of startup status: HIGH
refresh_hw_device [lindex [get_hw_devices xc7a35t_0] 0]
INFO: [Labtools 27-1434] Device xc7a35t (JTAG device index = 0) is programmed with a design that has no supported debug core(s) in it.
close_hw_manager
launch_simulation
Command: launch_simulation 
INFO: [Vivado 12-5682] Launching behavioral simulation in 'C:/Users/carl/fpga/hexseg8/hexseg8.sim/sim_1/behav/xsim'
INFO: [SIM-utils-51] Simulation object is 'sim_1'
INFO: [SIM-utils-54] Inspecting design source files for 'hexseg8_sim' in fileset 'sim_1'...
INFO: [USF-XSim-97] Finding global include files...
INFO: [USF-XSim-98] Fetching design files from 'sim_1'...
INFO: [USF-XSim-2] XSim::Compile design
INFO: [USF-XSim-61] Executing 'COMPILE and ANALYZE' step in 'C:/Users/carl/fpga/hexseg8/hexseg8.sim/sim_1/behav/xsim'
"xvlog --incr --relax -prj hexseg8_sim_vlog.prj"
INFO: [VRFC 10-2263] Analyzing Verilog file "C:/Users/carl/fpga/hexseg8/hexseg8.srcs/sources_1/new/devider.v" into library xil_defaultlib
INFO: [VRFC 10-311] analyzing module divider
INFO: [VRFC 10-2263] Analyzing Verilog file "C:/Users/carl/fpga/hexseg8/hexseg8.srcs/sources_1/new/hexseg8.v" into library xil_defaultlib
INFO: [VRFC 10-311] analyzing module hexseg8
INFO: [VRFC 10-2458] undeclared symbol led_1, assumed default net type wire [C:/Users/carl/fpga/hexseg8/hexseg8.srcs/sources_1/new/hexseg8.v:62]
INFO: [VRFC 10-2458] undeclared symbol led_2, assumed default net type wire [C:/Users/carl/fpga/hexseg8/hexseg8.srcs/sources_1/new/hexseg8.v:66]
INFO: [VRFC 10-2458] undeclared symbol led_3, assumed default net type wire [C:/Users/carl/fpga/hexseg8/hexseg8.srcs/sources_1/new/hexseg8.v:70]
INFO: [VRFC 10-2458] undeclared symbol led_4, assumed default net type wire [C:/Users/carl/fpga/hexseg8/hexseg8.srcs/sources_1/new/hexseg8.v:74]
INFO: [VRFC 10-2263] Analyzing Verilog file "C:/Users/carl/fpga/hexseg8/hexseg8.srcs/sources_1/new/singleDisplay.v" into library xil_defaultlib
INFO: [VRFC 10-311] analyzing module singleDisplay
INFO: [VRFC 10-2263] Analyzing Verilog file "C:/Users/carl/fpga/hexseg8/hexseg8.srcs/sim_1/new/hexseg8_sim.v" into library xil_defaultlib
INFO: [VRFC 10-311] analyzing module hexseg8_sim
INFO: [USF-XSim-69] 'compile' step finished in '2' seconds
INFO: [USF-XSim-3] XSim::Elaborate design
INFO: [USF-XSim-61] Executing 'ELABORATE' step in 'C:/Users/carl/fpga/hexseg8/hexseg8.sim/sim_1/behav/xsim'
"xelab -wto fc116af333b94c68ac30b7aee30a7b9c --incr --debug typical --relax --mt 2 -L xil_defaultlib -L unisims_ver -L unimacro_ver -L secureip --snapshot hexseg8_sim_behav xil_defaultlib.hexseg8_sim xil_defaultlib.glbl -log elaborate.log"
Vivado Simulator 2019.2
Copyright 1986-1999, 2001-2019 Xilinx, Inc. All Rights Reserved.
Running: C:/Xilinx/Vivado/2019.2/bin/unwrapped/win64.o/xelab.exe -wto fc116af333b94c68ac30b7aee30a7b9c --incr --debug typical --relax --mt 2 -L xil_defaultlib -L unisims_ver -L unimacro_ver -L secureip --snapshot hexseg8_sim_behav xil_defaultlib.hexseg8_sim xil_defaultlib.glbl -log elaborate.log 
Using 2 slave threads.
WARNING: [XSIM 43-3431] One or more environment variables have been detected which affect the operation of the C compiler. These are typically not set in standard installations and are not tested by Xilinx, however they may be appropriate for your system, so the flow will attempt to continue.  If errors occur, try running xelab with the "-mt off -v 1" switches to see more information from the C compiler. The following environment variables have been detected:
    C_INCLUDE_PATH
    LIBRARY_PATH
Starting static elaboration
Pass Through NonSizing Optimizer
WARNING: [VRFC 10-3091] actual bit length 1 differs from formal bit length 7 for port 'led' [C:/Users/carl/fpga/hexseg8/hexseg8.srcs/sources_1/new/hexseg8.v:62]
WARNING: [VRFC 10-3091] actual bit length 1 differs from formal bit length 7 for port 'led' [C:/Users/carl/fpga/hexseg8/hexseg8.srcs/sources_1/new/hexseg8.v:66]
WARNING: [VRFC 10-3091] actual bit length 1 differs from formal bit length 7 for port 'led' [C:/Users/carl/fpga/hexseg8/hexseg8.srcs/sources_1/new/hexseg8.v:70]
WARNING: [VRFC 10-3091] actual bit length 1 differs from formal bit length 7 for port 'led' [C:/Users/carl/fpga/hexseg8/hexseg8.srcs/sources_1/new/hexseg8.v:74]
Completed static elaboration
Starting simulation data flow analysis
Completed simulation data flow analysis
Time Resolution for simulation is 1ps
Compiling module xil_defaultlib.divider
Compiling module xil_defaultlib.singleDisplay
Compiling module xil_defaultlib.hexseg8
Compiling module xil_defaultlib.hexseg8_sim
Compiling module xil_defaultlib.glbl
Built simulation snapshot hexseg8_sim_behav
INFO: [USF-XSim-69] 'elaborate' step finished in '2' seconds
INFO: [USF-XSim-4] XSim::Simulate design
INFO: [USF-XSim-61] Executing 'SIMULATE' step in 'C:/Users/carl/fpga/hexseg8/hexseg8.sim/sim_1/behav/xsim'
INFO: [USF-XSim-98] *** Running xsim
   with args "hexseg8_sim_behav -key {Behavioral:sim_1:Functional:hexseg8_sim} -tclbatch {hexseg8_sim.tcl} -log {simulate.log}"
INFO: [USF-XSim-8] Loading simulator feature
Vivado Simulator 2019.2
Time resolution is 1 ps
source hexseg8_sim.tcl
# set curr_wave [current_wave_config]
# if { [string length $curr_wave] == 0 } {
#   if { [llength [get_objects]] > 0} {
#     add_wave /
#     set_property needs_save false [current_wave_config]
#   } else {
#      send_msg_id Add_Wave-1 WARNING "No top level signals found. Simulator will start without a wave window. If you want to open a wave window go to 'File->New Waveform Configuration' or type 'create_wave_config' in the TCL console."
#   }
# }
# run 1000ns
xsim: Time (s): cpu = 00:00:04 ; elapsed = 00:00:06 . Memory (MB): peak = 2194.668 ; gain = 17.152
INFO: [USF-XSim-96] XSim completed. Design snapshot 'hexseg8_sim_behav' loaded.
INFO: [USF-XSim-97] XSim simulation ran for 1000ns
launch_simulation: Time (s): cpu = 00:00:05 ; elapsed = 00:00:12 . Memory (MB): peak = 2194.668 ; gain = 31.910
relaunch_sim
Command: launch_simulation -simset sim_1 -mode behavioral
INFO: [Vivado 12-5682] Launching behavioral simulation in 'C:/Users/carl/fpga/hexseg8/hexseg8.sim/sim_1/behav/xsim'
INFO: [SIM-utils-51] Simulation object is 'sim_1'
INFO: [SIM-utils-54] Inspecting design source files for 'hexseg8_sim' in fileset 'sim_1'...
INFO: [USF-XSim-97] Finding global include files...
INFO: [USF-XSim-98] Fetching design files from 'sim_1'...
INFO: [USF-XSim-2] XSim::Compile design
INFO: [USF-XSim-61] Executing 'COMPILE and ANALYZE' step in 'C:/Users/carl/fpga/hexseg8/hexseg8.sim/sim_1/behav/xsim'
"xvlog --incr --relax -prj hexseg8_sim_vlog.prj"
INFO: [VRFC 10-2263] Analyzing Verilog file "C:/Users/carl/fpga/hexseg8/hexseg8.srcs/sources_1/new/devider.v" into library xil_defaultlib
INFO: [VRFC 10-311] analyzing module divider
INFO: [VRFC 10-2263] Analyzing Verilog file "C:/Users/carl/fpga/hexseg8/hexseg8.srcs/sources_1/new/hexseg8.v" into library xil_defaultlib
INFO: [VRFC 10-311] analyzing module hexseg8
INFO: [VRFC 10-2458] undeclared symbol led_1, assumed default net type wire [C:/Users/carl/fpga/hexseg8/hexseg8.srcs/sources_1/new/hexseg8.v:62]
INFO: [VRFC 10-2458] undeclared symbol led_2, assumed default net type wire [C:/Users/carl/fpga/hexseg8/hexseg8.srcs/sources_1/new/hexseg8.v:66]
INFO: [VRFC 10-2458] undeclared symbol led_3, assumed default net type wire [C:/Users/carl/fpga/hexseg8/hexseg8.srcs/sources_1/new/hexseg8.v:70]
INFO: [VRFC 10-2458] undeclared symbol led_4, assumed default net type wire [C:/Users/carl/fpga/hexseg8/hexseg8.srcs/sources_1/new/hexseg8.v:74]
INFO: [VRFC 10-2263] Analyzing Verilog file "C:/Users/carl/fpga/hexseg8/hexseg8.srcs/sources_1/new/singleDisplay.v" into library xil_defaultlib
INFO: [VRFC 10-311] analyzing module singleDisplay
INFO: [VRFC 10-2263] Analyzing Verilog file "C:/Users/carl/fpga/hexseg8/hexseg8.srcs/sim_1/new/hexseg8_sim.v" into library xil_defaultlib
INFO: [VRFC 10-311] analyzing module hexseg8_sim
INFO: [USF-XSim-69] 'compile' step finished in '2' seconds
Command: launch_simulation -simset sim_1 -mode behavioral
INFO: [Vivado 12-5682] Launching behavioral simulation in 'C:/Users/carl/fpga/hexseg8/hexseg8.sim/sim_1/behav/xsim'
INFO: [USF-XSim-3] XSim::Elaborate design
INFO: [USF-XSim-61] Executing 'ELABORATE' step in 'C:/Users/carl/fpga/hexseg8/hexseg8.sim/sim_1/behav/xsim'
"xelab -wto fc116af333b94c68ac30b7aee30a7b9c --incr --debug typical --relax --mt 2 -L xil_defaultlib -L unisims_ver -L unimacro_ver -L secureip --snapshot hexseg8_sim_behav xil_defaultlib.hexseg8_sim xil_defaultlib.glbl -log elaborate.log"
Vivado Simulator 2019.2
Copyright 1986-1999, 2001-2019 Xilinx, Inc. All Rights Reserved.
Running: C:/Xilinx/Vivado/2019.2/bin/unwrapped/win64.o/xelab.exe -wto fc116af333b94c68ac30b7aee30a7b9c --incr --debug typical --relax --mt 2 -L xil_defaultlib -L unisims_ver -L unimacro_ver -L secureip --snapshot hexseg8_sim_behav xil_defaultlib.hexseg8_sim xil_defaultlib.glbl -log elaborate.log 
Using 2 slave threads.
WARNING: [XSIM 43-3431] One or more environment variables have been detected which affect the operation of the C compiler. These are typically not set in standard installations and are not tested by Xilinx, however they may be appropriate for your system, so the flow will attempt to continue.  If errors occur, try running xelab with the "-mt off -v 1" switches to see more information from the C compiler. The following environment variables have been detected:
    C_INCLUDE_PATH
    LIBRARY_PATH
Starting static elaboration
Pass Through NonSizing Optimizer
WARNING: [VRFC 10-3091] actual bit length 1 differs from formal bit length 7 for port 'led' [C:/Users/carl/fpga/hexseg8/hexseg8.srcs/sources_1/new/hexseg8.v:62]
WARNING: [VRFC 10-3091] actual bit length 1 differs from formal bit length 7 for port 'led' [C:/Users/carl/fpga/hexseg8/hexseg8.srcs/sources_1/new/hexseg8.v:66]
WARNING: [VRFC 10-3091] actual bit length 1 differs from formal bit length 7 for port 'led' [C:/Users/carl/fpga/hexseg8/hexseg8.srcs/sources_1/new/hexseg8.v:70]
WARNING: [VRFC 10-3091] actual bit length 1 differs from formal bit length 7 for port 'led' [C:/Users/carl/fpga/hexseg8/hexseg8.srcs/sources_1/new/hexseg8.v:74]
Completed static elaboration
Starting simulation data flow analysis
Completed simulation data flow analysis
Time Resolution for simulation is 1ps
Compiling module xil_defaultlib.divider
Compiling module xil_defaultlib.singleDisplay
Compiling module xil_defaultlib.hexseg8
Compiling module xil_defaultlib.hexseg8_sim
Compiling module xil_defaultlib.glbl
Built simulation snapshot hexseg8_sim_behav
INFO: [USF-XSim-69] 'elaborate' step finished in '2' seconds
Vivado Simulator 2019.2
Time resolution is 1 ps
relaunch_sim: Time (s): cpu = 00:00:01 ; elapsed = 00:00:08 . Memory (MB): peak = 2206.980 ; gain = 0.000
close_sim
INFO: [Simtcl 6-16] Simulation closed
exit
INFO: [Common 17-206] Exiting Vivado at Fri Nov 13 16:08:40 2020...
