#-----------------------------------------------------------
# Vivado v2019.2 (64-bit)
# SW Build 2708876 on Wed Nov  6 21:40:23 MST 2019
# IP Build 2700528 on Thu Nov  7 00:09:20 MST 2019
# Start of session at: Mon Nov 16 21:53:13 2020
# Process ID: 2660
# Current directory: C:/Users/carl/fpga/hexseg8
# Command line: vivado.exe -gui_launcher_event rodinguilauncherevent7024 C:\Users\carl\fpga\hexseg8\hexseg8.xpr
# Log file: C:/Users/carl/fpga/hexseg8/vivado.log
# Journal file: C:/Users/carl/fpga/hexseg8\vivado.jou
#-----------------------------------------------------------
start_gui
open_project C:/Users/carl/fpga/hexseg8/hexseg8.xpr
Scanning sources...
Finished scanning sources
INFO: [IP_Flow 19-234] Refreshing IP repositories
INFO: [IP_Flow 19-1704] No user IP repositories specified
INFO: [IP_Flow 19-2313] Loaded Vivado IP repository 'C:/Xilinx/Vivado/2019.2/data/ip'.
open_project: Time (s): cpu = 00:00:12 ; elapsed = 00:00:05 . Memory (MB): peak = 716.512 ; gain = 81.617
update_compile_order -fileset sources_1
launch_simulation
Command: launch_simulation 
INFO: [Vivado 12-5682] Launching behavioral simulation in 'C:/Users/carl/fpga/hexseg8/hexseg8.sim/sim_1/behav/xsim'
INFO: [SIM-utils-51] Simulation object is 'sim_1'
INFO: [SIM-utils-54] Inspecting design source files for 'hexseg8_sim' in fileset 'sim_1'...
INFO: [USF-XSim-97] Finding global include files...
INFO: [USF-XSim-98] Fetching design files from 'sim_1'...
INFO: [USF-XSim-2] XSim::Compile design
INFO: [USF-XSim-61] Executing 'COMPILE and ANALYZE' step in 'C:/Users/carl/fpga/hexseg8/hexseg8.sim/sim_1/behav/xsim'
"xvlog --incr --relax -prj hexseg8_sim_vlog.prj"
INFO: [VRFC 10-2263] Analyzing Verilog file "C:/Users/carl/fpga/hexseg8/hexseg8.srcs/sources_1/new/devider.v" into library xil_defaultlib
INFO: [VRFC 10-311] analyzing module divider
WARNING: [VRFC 10-2292] extra semicolon is not allowed here in this dialect. Use SystemVerilog mode [C:/Users/carl/fpga/hexseg8/hexseg8.srcs/sources_1/new/devider.v:29]
INFO: [VRFC 10-2263] Analyzing Verilog file "C:/Users/carl/fpga/hexseg8/hexseg8.srcs/sources_1/new/divider2Hz.v" into library xil_defaultlib
INFO: [VRFC 10-311] analyzing module divider2Hz
INFO: [VRFC 10-2263] Analyzing Verilog file "C:/Users/carl/fpga/hexseg8/hexseg8.srcs/sources_1/new/hexseg8.v" into library xil_defaultlib
INFO: [VRFC 10-311] analyzing module hexseg8
INFO: [VRFC 10-2263] Analyzing Verilog file "C:/Users/carl/fpga/hexseg8/hexseg8.srcs/sources_1/new/singleDisplay.v" into library xil_defaultlib
INFO: [VRFC 10-311] analyzing module singleDisplay
INFO: [VRFC 10-2263] Analyzing Verilog file "C:/Users/carl/fpga/hexseg8/hexseg8.srcs/sim_1/new/hexseg8_sim.v" into library xil_defaultlib
INFO: [VRFC 10-311] analyzing module hexseg8_sim
INFO: [USF-XSim-69] 'compile' step finished in '2' seconds
INFO: [USF-XSim-3] XSim::Elaborate design
INFO: [USF-XSim-61] Executing 'ELABORATE' step in 'C:/Users/carl/fpga/hexseg8/hexseg8.sim/sim_1/behav/xsim'
"xelab -wto fc116af333b94c68ac30b7aee30a7b9c --incr --debug typical --relax --mt 2 -L xil_defaultlib -L unisims_ver -L unimacro_ver -L secureip --snapshot hexseg8_sim_behav xil_defaultlib.hexseg8_sim xil_defaultlib.glbl -log elaborate.log"
Vivado Simulator 2019.2
Copyright 1986-1999, 2001-2019 Xilinx, Inc. All Rights Reserved.
Running: C:/Xilinx/Vivado/2019.2/bin/unwrapped/win64.o/xelab.exe -wto fc116af333b94c68ac30b7aee30a7b9c --incr --debug typical --relax --mt 2 -L xil_defaultlib -L unisims_ver -L unimacro_ver -L secureip --snapshot hexseg8_sim_behav xil_defaultlib.hexseg8_sim xil_defaultlib.glbl -log elaborate.log 
Using 2 slave threads.
WARNING: [XSIM 43-3431] One or more environment variables have been detected which affect the operation of the C compiler. These are typically not set in standard installations and are not tested by Xilinx, however they may be appropriate for your system, so the flow will attempt to continue.  If errors occur, try running xelab with the "-mt off -v 1" switches to see more information from the C compiler. The following environment variables have been detected:
    C_INCLUDE_PATH
    LIBRARY_PATH
Starting static elaboration
Pass Through NonSizing Optimizer
Completed static elaboration
Starting simulation data flow analysis
Completed simulation data flow analysis
Time Resolution for simulation is 1ps
Compiling module xil_defaultlib.divider
Compiling module xil_defaultlib.divider2Hz
Compiling module xil_defaultlib.singleDisplay
Compiling module xil_defaultlib.hexseg8
Compiling module xil_defaultlib.hexseg8_sim
Compiling module xil_defaultlib.glbl
Built simulation snapshot hexseg8_sim_behav

****** Webtalk v2019.2 (64-bit)
  **** SW Build 2708876 on Wed Nov  6 21:40:23 MST 2019
  **** IP Build 2700528 on Thu Nov  7 00:09:20 MST 2019
    ** Copyright 1986-2019 Xilinx, Inc. All Rights Reserved.

source C:/Users/carl/fpga/hexseg8/hexseg8.sim/sim_1/behav/xsim/xsim.dir/hexseg8_sim_behav/webtalk/xsim_webtalk.tcl -notrace
webtalk_transmit: Time (s): cpu = 00:00:00 ; elapsed = 00:00:07 . Memory (MB): peak = 92.531 ; gain = 0.000
INFO: [Common 17-206] Exiting Webtalk at Mon Nov 16 21:53:55 2020...
run_program: Time (s): cpu = 00:00:01 ; elapsed = 00:00:11 . Memory (MB): peak = 739.152 ; gain = 8.949
INFO: [USF-XSim-69] 'elaborate' step finished in '11' seconds
INFO: [USF-XSim-4] XSim::Simulate design
INFO: [USF-XSim-61] Executing 'SIMULATE' step in 'C:/Users/carl/fpga/hexseg8/hexseg8.sim/sim_1/behav/xsim'
INFO: [USF-XSim-98] *** Running xsim
   with args "hexseg8_sim_behav -key {Behavioral:sim_1:Functional:hexseg8_sim} -tclbatch {hexseg8_sim.tcl} -log {simulate.log}"
INFO: [USF-XSim-8] Loading simulator feature
Vivado Simulator 2019.2
Time resolution is 1 ps
source hexseg8_sim.tcl
# set curr_wave [current_wave_config]
# if { [string length $curr_wave] == 0 } {
#   if { [llength [get_objects]] > 0} {
#     add_wave /
#     set_property needs_save false [current_wave_config]
#   } else {
#      send_msg_id Add_Wave-1 WARNING "No top level signals found. Simulator will start without a wave window. If you want to open a wave window go to 'File->New Waveform Configuration' or type 'create_wave_config' in the TCL console."
#   }
# }
# run 1000ns
xsim: Time (s): cpu = 00:00:06 ; elapsed = 00:00:06 . Memory (MB): peak = 765.797 ; gain = 26.645
INFO: [USF-XSim-96] XSim completed. Design snapshot 'hexseg8_sim_behav' loaded.
INFO: [USF-XSim-97] XSim simulation ran for 1000ns
launch_simulation: Time (s): cpu = 00:00:09 ; elapsed = 00:00:20 . Memory (MB): peak = 765.797 ; gain = 35.594
close_sim
INFO: [Simtcl 6-16] Simulation closed
close_sim: Time (s): cpu = 00:00:03 ; elapsed = 00:00:07 . Memory (MB): peak = 765.797 ; gain = 0.000
exit
INFO: [Common 17-206] Exiting Vivado at Mon Nov 16 21:54:25 2020...
